nohup: ignoring input
INFO  Validating config
FATAL Port 80 has been used. Try other port instead.
FATAL {
  err: Error: listen EADDRINUSE(node:10796) Warning: Accessing non-existent property 'lineno' of module exports inside circular dependency
(Use `node --trace-warnings ...` to show where the warning was created)
(node:10796) Warning: Accessing non-existent property 'column' of module exports inside circular dependency
(node:10796) Warning: Accessing non-existent property 'filename' of module exports inside circular dependency
(node:10796) Warning: Accessing non-existent property 'lineno' of module exports inside circular dependency
(node:10796) Warning: Accessing non-existent property 'column' of module exports inside circular dependency
(node:10796) Warning: Accessing non-existent property 'filename' of module exports inside circular dependency
8:10)
      at Hexo.tryCatcher (/home/ubuntu/trh/node_modules/bluebird/js/release/util.js:16:23)
      at Hexo.<anonymous> (/home/ubuntu/trh/node_modules/bluebird/js/release/method.js:15:34)
      at /home/ubuntu/trh/node_modules/hexo/lib/hexo/index.js:260:17
      at Promise._execute (/home/ubuntu/trh/node_modules/bluebird/js/release/debuggability.js:384:9)
      at Promise._resolveFromExecutor (/home/ubuntu/trh/node_modules/bluebird/js/release/promise.js:518:18)
      at new Promise (/home/ubuntu/trh/node_modules/bluebird/js/release/promise.js:103:10)
      at Hexo.call (/home/ubuntu/trh/node_modules/hexo/lib/hexo/index.js:256:12)
      at /usr/local/lib/node_modules/hexo-cli/lib/hexo.js:60:17
      at tryCatcher (/usr/local/lib/node_modules/hexo-cli/node_modules/bluebird/js/release/util.js:16:23)
      at Promise._settlePromiseFromHandler (/usr/local/lib/node_modules/hexo-cli/node_modules/bluebird/js/release/promise.js:547:31)
      at Promise._settlePromise (/usr/local/lib/node_modules/hexo-cli/node_modules/bluebird/js/release/promise.js:604:18)
      at Promise._settlePromise0 (/usr/local/lib/node_modules/hexo-cli/node_modules/bluebird/js/release/promise.js:649:10)
      at Promise._settlePromises (/usr/local/lib/node_modules/hexo-cli/node_modules/bluebird/js/release/promise.js:729:18) {
    code: 'EADDRINUSE',
    errno: -98,
    syscall: 'listen',
    address: '::',
    port: 80
  }
} Something's wrong. Maybe you can find the solution here: %s https://hexo.io/docs/troubleshooting.html
