INFO  Validating config
INFO  Start processing
INFO  Hexo is running at http://localhost:80 . Press Ctrl+C to stop.
INFO  Validating config
INFO  Start processing
INFO  Hexo is running at http://localhost:80 . Press Ctrl+C to stop.
(node:274221) Warning: Accessing non-existent property 'lineno' of module exports inside circular dependency
(Use `node --trace-warnings ...` to show where the warning was created)
(node:274221) Warning: Accessing non-existent property 'column' of module exports inside circular dependency
(node:274221) Warning: Accessing non-existent property 'filename' of module exports inside circular dependency
(node:274221) Warning: Accessing non-existent property 'lineno' of module exports inside circular dependency
(node:274221) Warning: Accessing non-existent property 'column' of module exports inside circular dependency
(node:274221) Warning: Accessing non-existent property 'filename' of module exports inside circular dependency
ERROR Theme config load failed.
ERROR {
  err: YAMLException: can not read a block mapping entry; a multiline key may not be an implicit key (49:9)
  
   46 |   # QQ:
   47 |   # Weibo:
   48 |   WeChat:dundun202010
   49 |   Github: https://github.com/Siricee
  --------------^
   50 | 
   51 | # how links show: you have 2 choice--te ...
      at generateError (/home/ubuntu/trh/node_modules/js-yaml/lib/loader.js:183:10)
      at throwError (/home/ubuntu/trh/node_modules/js-yaml/lib/loader.js:187:9)
      at readBlockMapping (/home/ubuntu/trh/node_modules/js-yaml/lib/loader.js:1145:9)
      at composeNode (/home/ubuntu/trh/node_modules/js-yaml/lib/loader.js:1441:12)
      at readBlockMapping (/home/ubuntu/trh/node_modules/js-yaml/lib/loader.js:1164:11)
      at composeNode (/home/ubuntu/trh/node_modules/js-yaml/lib/loader.js:1441:12)
      at readDocument (/home/ubuntu/trh/node_modules/js-yaml/lib/loader.js:1625:3)
      at loadDocuments (/home/ubuntu/trh/node_modules/js-yaml/lib/loader.js:1688:5)
      at Object.load (/home/ubuntu/trh/node_modules/js-yaml/lib/loader.js:1714:19)
      at Hexo.yamlHelper (/home/ubuntu/trh/node_modules/hexo/lib/plugins/renderer/yaml.js:7:15)
      at Hexo.tryCatcher (/home/ubuntu/trh/node_modules/bluebird/js/release/util.js:16:23)
      at Hexo.<anonymous> (/home/ubuntu/trh/node_modules/bluebird/js/release/method.js:15:34)
      at /home/ubuntu/trh/node_modules/hexo/lib/hexo/render.js:75:22
      at tryCatcher (/home/ubuntu/trh/node_modules/bluebird/js/release/util.js:16:23)
      at Promise._settlePromiseFromHandler (/home/ubuntu/trh/node_modules/bluebird/js/release/promise.js:547:31)
      at Promise._settlePromise (/home/ubuntu/trh/node_modules/bluebird/js/release/promise.js:604:18)
      at Promise._settlePromise0 (/home/ubuntu/trh/node_modules/bluebird/js/release/promise.js:649:10)
      at Promise._settlePromises (/home/ubuntu/trh/node_modules/bluebird/js/release/promise.js:729:18)
      at _drainQueueStep (/home/ubuntu/trh/node_modules/bluebird/js/release/async.js:93:12)
      at _drainQueue (/home/ubuntu/trh/node_modules/bluebird/js/release/async.js:86:9)
      at Async._drainQueues (/home/ubuntu/trh/node_modules/bluebird/js/release/async.js:102:5)
      at Immediate.Async.drainQueues [as _onImmediate] (/home/ubuntu/trh/node_modules/bluebird/js/release/async.js:15:14) {
    reason: 'can not read a block mapping entry; a multiline key may not be an implicit key',
    mark: {
      name: null,
      buffer: '# Header\n' +
        'navname: 田润华的Blog\n' +
        '\n' +
        '# navigatior items\n' +
        'nav:\n' +
        '  Posts: /archives\n' +
        '  Categories: /category\n' +
        '  Tags: /tag\n' +
        '  About: /about\n' +
        '\n' +
        '# favicon\n' +
        'favicon: /favicon.ico\n' +
        '\n' +
        '# Profile\n' +
        'nickname: 敦敦\n' +
        '\n' +
        '### this variable is MarkDown form.\n' +
        'description: Lorem ipsum dolor sit amet, **consectetur adipiscing elit.** <br>Fusce eget urna vitae velit *eleifend interdum at ac* nisi.\n' +
        'avatar: /image/solo.jpg\n' +
        '\n' +
        '# main menu navigation\n' +
        '## links key words should not be changed.\n' +
        '## Complete url after key words.\n' +
        '## Unused key can be commented out.\n' +
        'links:\n' +
        '  Blog: /archives\n' +
        '  # Category:\n' +
        '  # Tags: \n' +
        '  # Link:\n' +
        '  # Resume:\n' +
        '  # Publish:\n' +
        '  # Trophy:\n' +
        '  # Gallery:\n' +
        '  # RSS:\n' +
        '  # AliPay:\n' +
        '  # LinkedIn:\n' +
        '  # FaceBook:\n' +
        '  # Twitter:\n' +
        '  # Skype:\n' +
        '  # CodeSandBox:\n' +
        '  # CodePen:\n' +
        '  # Sketch:\n' +
        '  # Gitlab:\n' +
        '  # Dribbble:\n' +
        '  # YouTube:\n' +
        '  # QQ:\n' +
        '  # Weibo:\n' +
        '  WeChat:dundun202010\n' +
        '  Github: https://github.com/Siricee\n' +
        '\n' +
        '# how links show: you have 2 choice--text or icon.\n' +
        'links_text_enable: false\n' +
        'links_icon_enable: true\n' +
        '\n' +
        '# Post page\n' +
        '## Post_meta\n' +
        'post_meta_enable: true\n' +
        '\n' +
        'post_author_enable: true\n' +
        'post_date_enable: true\n' +
        'post_category_enable: true\n' +
        '## Post copyright\n' +
        'post_copyright_enable: true\n' +
        '\n' +
        'post_copyright_author_enable: true\n' +
        'post_copyright_permalink_enable: true\n' +
        'post_copyright_license_enable: true\n' +
        'post_copyright_license_text: Copyright (c) 2019 <a href="http://creativecommons.org/licenses/by-nc/4.0/">CC-BY-NC-4.0</a> LICENSE\n' +
        'post_copyright_slogan_enable: true\n' +
        'post_copyright_slogan_text: Do you believe in <strong>DESTINY</strong>?\n' +
        '## toc\n' +
        'post_toc_enable: true\n' +
        '\n' +
        '# Page\n' +
        'page_title_enable: true\n' +
        '\n' +
        '# Date / Time format\n' +
        '## Hexo uses Moment.js to parse and display date\n' +
        '## You can customize the date format as defined in\n' +
        '## http://momentjs.com/docs/#/displaying/format/\n' +
        'date_format: MMMM D, YYYY\n' +
        'time_format: H:mm:ss\n' +
        '\n' +
        '# stylesheets loaded in the <head>\n' +
        'stylesheets:\n' +
        '  - /css/style.css\n' +
        '\n' +
        '# scripts loaded in the end of the body\n' +
        'scripts:\n' +
        '  - /js/script.js\n' +
        '  - /js/tocbot.min.js\n' +
        '    # tscanlin/tocbot: Build a table of contents from headings in an HTML document.\n' +
        '    # https://github.com/tscanlin/tocbot\n' +
        '\n' +
        '\n' +
        '# plugin functions\n' +
        '## Mathjax: Math Formula Support\n' +
        '## https://www.mathjax.org\n' +
        'mathjax:\n' +
        '  enable: true\n' +
        '  import: demand # global or demand\n' +
        '  ## global: all pages will load mathjax,this will degrade performance and some grammers may be parsed wrong.\n' +
        "  ## demand: Recommend option,if your post need fomula, you can declare 'mathjax: true' in Front-matter\n",
      position: 828,
      line: 48,
      column: 8,
      snippet: ' 46 |   # QQ:\n' +
        ' 47 |   # Weibo:\n' +
        ' 48 |   WeChat:dundun202010\n' +
        ' 49 |   Github: https://github.com/Siricee\n' +
        '--------------^\n' +
        ' 50 | \n' +
        ' 51 | # how links show: you have 2 choice--te ...'
    }
  }
} Process failed: %s _config.yml
ERROR Theme config load failed.
ERROR {
  err: YAMLException: can not read a block mapping entry; a multiline key may not be an implicit key (49:9)
  
   46 |   # QQ:
   47 |   # Weibo:
   48 |   WeChat:dundun202010
   49 |   Github: https://github.com/Siricee
  --------------^
   50 | 
   51 | # how links show: you have 2 choice--te ...
      at generateError (/home/ubuntu/trh/node_modules/js-yaml/lib/loader.js:183:10)
      at throwError (/home/ubuntu/trh/node_modules/js-yaml/lib/loader.js:187:9)
      at readBlockMapping (/home/ubuntu/trh/node_modules/js-yaml/lib/loader.js:1145:9)
      at composeNode (/home/ubuntu/trh/node_modules/js-yaml/lib/loader.js:1441:12)
      at readBlockMapping (/home/ubuntu/trh/node_modules/js-yaml/lib/loader.js:1164:11)
      at composeNode (/home/ubuntu/trh/node_modules/js-yaml/lib/loader.js:1441:12)
      at readDocument (/home/ubuntu/trh/node_modules/js-yaml/lib/loader.js:1625:3)
      at loadDocuments (/home/ubuntu/trh/node_modules/js-yaml/lib/loader.js:1688:5)
      at Object.load (/home/ubuntu/trh/node_modules/js-yaml/lib/loader.js:1714:19)
      at Hexo.yamlHelper (/home/ubuntu/trh/node_modules/hexo/lib/plugins/renderer/yaml.js:7:15)
      at Hexo.tryCatcher (/home/ubuntu/trh/node_modules/bluebird/js/release/util.js:16:23)
      at Hexo.<anonymous> (/home/ubuntu/trh/node_modules/bluebird/js/release/method.js:15:34)
      at /home/ubuntu/trh/node_modules/hexo/lib/hexo/render.js:75:22
      at tryCatcher (/home/ubuntu/trh/node_modules/bluebird/js/release/util.js:16:23)
      at Promise._settlePromiseFromHandler (/home/ubuntu/trh/node_modules/bluebird/js/release/promise.js:547:31)
      at Promise._settlePromise (/home/ubuntu/trh/node_modules/bluebird/js/release/promise.js:604:18)
      at Promise._settlePromise0 (/home/ubuntu/trh/node_modules/bluebird/js/release/promise.js:649:10)
      at Promise._settlePromises (/home/ubuntu/trh/node_modules/bluebird/js/release/promise.js:729:18)
      at _drainQueueStep (/home/ubuntu/trh/node_modules/bluebird/js/release/async.js:93:12)
      at _drainQueue (/home/ubuntu/trh/node_modules/bluebird/js/release/async.js:86:9)
      at Async._drainQueues (/home/ubuntu/trh/node_modules/bluebird/js/release/async.js:102:5)
      at Immediate.Async.drainQueues [as _onImmediate] (/home/ubuntu/trh/node_modules/bluebird/js/release/async.js:15:14) {
    reason: 'can not read a block mapping entry; a multiline key may not be an implicit key',
    mark: {
      name: null,
      buffer: '# Header\n' +
        'navname: 田润华的Blog\n' +
        '\n' +
        '# navigatior items\n' +
        'nav:\n' +
        '  Posts: /archives\n' +
        '  Categories: /category\n' +
        '  Tags: /tag\n' +
        '  About: /about\n' +
        '\n' +
        '# favicon\n' +
        'favicon: /favicon.ico\n' +
        '\n' +
        '# Profile\n' +
        'nickname: 敦敦\n' +
        '\n' +
        '### this variable is MarkDown form.\n' +
        'description: Lorem ipsum dolor sit amet, **consectetur adipiscing elit.** <br>Fusce eget urna vitae velit *eleifend interdum at ac* nisi.\n' +
        'avatar: /image/solo.jpg\n' +
        '\n' +
        '# main menu navigation\n' +
        '## links key words should not be changed.\n' +
        '## Complete url after key words.\n' +
        '## Unused key can be commented out.\n' +
        'links:\n' +
        '  Blog: /archives\n' +
        '  # Category:\n' +
        '  # Tags: \n' +
        '  # Link:\n' +
        '  # Resume:\n' +
        '  # Publish:\n' +
        '  # Trophy:\n' +
        '  # Gallery:\n' +
        '  # RSS:\n' +
        '  # AliPay:\n' +
        '  # LinkedIn:\n' +
        '  # FaceBook:\n' +
        '  # Twitter:\n' +
        '  # Skype:\n' +
        '  # CodeSandBox:\n' +
        '  # CodePen:\n' +
        '  # Sketch:\n' +
        '  # Gitlab:\n' +
        '  # Dribbble:\n' +
        '  # YouTube:\n' +
        '  # QQ:\n' +
        '  # Weibo:\n' +
        '  WeChat:dundun202010\n' +
        '  Github: https://github.com/Siricee\n' +
        '\n' +
        '# how links show: you have 2 choice--text or icon.\n' +
        'links_text_enable: false\n' +
        'links_icon_enable: true\n' +
        '\n' +
        '# Post page\n' +
        '## Post_meta\n' +
        'post_meta_enable: true\n' +
        '\n' +
        'post_author_enable: true\n' +
        'post_date_enable: true\n' +
        'post_category_enable: true\n' +
        '## Post copyright\n' +
        'post_copyright_enable: true\n' +
        '\n' +
        'post_copyright_author_enable: true\n' +
        'post_copyright_permalink_enable: true\n' +
        'post_copyright_license_enable: true\n' +
        'post_copyright_license_text: Copyright (c) 2019 <a href="http://creativecommons.org/licenses/by-nc/4.0/">CC-BY-NC-4.0</a> LICENSE\n' +
        'post_copyright_slogan_enable: true\n' +
        'post_copyright_slogan_text: Do you believe in <strong>DESTINY</strong>?\n' +
        '## toc\n' +
        'post_toc_enable: true\n' +
        '\n' +
        '# Page\n' +
        'page_title_enable: true\n' +
        '\n' +
        '# Date / Time format\n' +
        '## Hexo uses Moment.js to parse and display date\n' +
        '## You can customize the date format as defined in\n' +
        '## http://momentjs.com/docs/#/displaying/format/\n' +
        'date_format: MMMM D, YYYY\n' +
        'time_format: H:mm:ss\n' +
        '\n' +
        '# stylesheets loaded in the <head>\n' +
        'stylesheets:\n' +
        '  - /css/style.css\n' +
        '\n' +
        '# scripts loaded in the end of the body\n' +
        'scripts:\n' +
        '  - /js/script.js\n' +
        '  - /js/tocbot.min.js\n' +
        '    # tscanlin/tocbot: Build a table of contents from headings in an HTML document.\n' +
        '    # https://github.com/tscanlin/tocbot\n' +
        '\n' +
        '\n' +
        '# plugin functions\n' +
        '## Mathjax: Math Formula Support\n' +
        '## https://www.mathjax.org\n' +
        'mathjax:\n' +
        '  enable: true\n' +
        '  import: demand # global or demand\n' +
        '  ## global: all pages will load mathjax,this will degrade performance and some grammers may be parsed wrong.\n' +
        "  ## demand: Recommend option,if your post need fomula, you can declare 'mathjax: true' in Front-matter\n",
      position: 828,
      line: 48,
      column: 8,
      snippet: ' 46 |   # QQ:\n' +
        ' 47 |   # Weibo:\n' +
        ' 48 |   WeChat:dundun202010\n' +
        ' 49 |   Github: https://github.com/Siricee\n' +
        '--------------^\n' +
        ' 50 | \n' +
        ' 51 | # how links show: you have 2 choice--te ...'
    }
  }
} Process failed: %s _config.yml
ERROR Theme config load failed.
ERROR {
  err: YAMLException: can not read a block mapping entry; a multiline key may not be an implicit key (49:9)
  
   46 |   # QQ:
   47 |   # Weibo:
   48 |   WeChat:dundun202010
   49 |   Github: https://github.com/Siricee
  --------------^
   50 | 
   51 | # how links show: you have 2 choice--te ...
      at generateError (/home/ubuntu/trh/node_modules/js-yaml/lib/loader.js:183:10)
      at throwError (/home/ubuntu/trh/node_modules/js-yaml/lib/loader.js:187:9)
      at readBlockMapping (/home/ubuntu/trh/node_modules/js-yaml/lib/loader.js:1145:9)
      at composeNode (/home/ubuntu/trh/node_modules/js-yaml/lib/loader.js:1441:12)
      at readBlockMapping (/home/ubuntu/trh/node_modules/js-yaml/lib/loader.js:1164:11)
      at composeNode (/home/ubuntu/trh/node_modules/js-yaml/lib/loader.js:1441:12)
      at readDocument (/home/ubuntu/trh/node_modules/js-yaml/lib/loader.js:1625:3)
      at loadDocuments (/home/ubuntu/trh/node_modules/js-yaml/lib/loader.js:1688:5)
      at Object.load (/home/ubuntu/trh/node_modules/js-yaml/lib/loader.js:1714:19)
      at Hexo.yamlHelper (/home/ubuntu/trh/node_modules/hexo/lib/plugins/renderer/yaml.js:7:15)
      at Hexo.tryCatcher (/home/ubuntu/trh/node_modules/bluebird/js/release/util.js:16:23)
      at Hexo.<anonymous> (/home/ubuntu/trh/node_modules/bluebird/js/release/method.js:15:34)
      at /home/ubuntu/trh/node_modules/hexo/lib/hexo/render.js:75:22
      at tryCatcher (/home/ubuntu/trh/node_modules/bluebird/js/release/util.js:16:23)
      at Promise._settlePromiseFromHandler (/home/ubuntu/trh/node_modules/bluebird/js/release/promise.js:547:31)
      at Promise._settlePromise (/home/ubuntu/trh/node_modules/bluebird/js/release/promise.js:604:18)
      at Promise._settlePromise0 (/home/ubuntu/trh/node_modules/bluebird/js/release/promise.js:649:10)
      at Promise._settlePromises (/home/ubuntu/trh/node_modules/bluebird/js/release/promise.js:729:18)
      at _drainQueueStep (/home/ubuntu/trh/node_modules/bluebird/js/release/async.js:93:12)
      at _drainQueue (/home/ubuntu/trh/node_modules/bluebird/js/release/async.js:86:9)
      at Async._drainQueues (/home/ubuntu/trh/node_modules/bluebird/js/release/async.js:102:5)
      at Immediate.Async.drainQueues [as _onImmediate] (/home/ubuntu/trh/node_modules/bluebird/js/release/async.js:15:14) {
    reason: 'can not read a block mapping entry; a multiline key may not be an implicit key',
    mark: {
      name: null,
      buffer: '# Header\n' +
        'navname: 田润华的Blog\n' +
        '\n' +
        '# navigatior items\n' +
        'nav:\n' +
        '  Posts: /archives\n' +
        '  Categories: /category\n' +
        '  Tags: /tag\n' +
        '  About: /about\n' +
        '\n' +
        '# favicon\n' +
        'favicon: /favicon.ico\n' +
        '\n' +
        '# Profile\n' +
        'nickname: 敦敦\n' +
        '\n' +
        '### this variable is MarkDown form.\n' +
        'description: insist on right things\n' +
        'avatar: /image/solo.jpg\n' +
        '\n' +
        '# main menu navigation\n' +
        '## links key words should not be changed.\n' +
        '## Complete url after key words.\n' +
        '## Unused key can be commented out.\n' +
        'links:\n' +
        '  Blog: /archives\n' +
        '  # Category:\n' +
        '  # Tags: \n' +
        '  # Link:\n' +
        '  # Resume:\n' +
        '  # Publish:\n' +
        '  # Trophy:\n' +
        '  # Gallery:\n' +
        '  # RSS:\n' +
        '  # AliPay:\n' +
        '  # LinkedIn:\n' +
        '  # FaceBook:\n' +
        '  # Twitter:\n' +
        '  # Skype:\n' +
        '  # CodeSandBox:\n' +
        '  # CodePen:\n' +
        '  # Sketch:\n' +
        '  # Gitlab:\n' +
        '  # Dribbble:\n' +
        '  # YouTube:\n' +
        '  # QQ:\n' +
        '  # Weibo:\n' +
        '  WeChat:dundun202010\n' +
        '  Github: https://github.com/Siricee\n' +
        '\n' +
        '# how links show: you have 2 choice--text or icon.\n' +
        'links_text_enable: false\n' +
        'links_icon_enable: true\n' +
        '\n' +
        '# Post page\n' +
        '## Post_meta\n' +
        'post_meta_enable: true\n' +
        '\n' +
        'post_author_enable: true\n' +
        'post_date_enable: true\n' +
        'post_category_enable: true\n' +
        '## Post copyright\n' +
        'post_copyright_enable: true\n' +
        '\n' +
        'post_copyright_author_enable: true\n' +
        'post_copyright_permalink_enable: true\n' +
        'post_copyright_license_enable: true\n' +
        'post_copyright_license_text: Copyright (c) 2019 <a href="http://creativecommons.org/licenses/by-nc/4.0/">CC-BY-NC-4.0</a> LICENSE\n' +
        'post_copyright_slogan_enable: true\n' +
        'post_copyright_slogan_text: Do you believe in <strong>DESTINY</strong>?\n' +
        '## toc\n' +
        'post_toc_enable: true\n' +
        '\n' +
        '# Page\n' +
        'page_title_enable: true\n' +
        '\n' +
        '# Date / Time format\n' +
        '## Hexo uses Moment.js to parse and display date\n' +
        '## You can customize the date format as defined in\n' +
        '## http://momentjs.com/docs/#/displaying/format/\n' +
        'date_format: MMMM D, YYYY\n' +
        'time_format: H:mm:ss\n' +
        '\n' +
        '# stylesheets loaded in the <head>\n' +
        'stylesheets:\n' +
        '  - /css/style.css\n' +
        '\n' +
        '# scripts loaded in the end of the body\n' +
        'scripts:\n' +
        '  - /js/script.js\n' +
        '  - /js/tocbot.min.js\n' +
        '    # tscanlin/tocbot: Build a table of contents from headings in an HTML document.\n' +
        '    # https://github.com/tscanlin/tocbot\n' +
        '\n' +
        '\n' +
        '# plugin functions\n' +
        '## Mathjax: Math Formula Support\n' +
        '## https://www.mathjax.org\n' +
        'mathjax:\n' +
        '  enable: true\n' +
        '  import: demand # global or demand\n' +
        '  ## global: all pages will load mathjax,this will degrade performance and some grammers may be parsed wrong.\n' +
        "  ## demand: Recommend option,if your post need fomula, you can declare 'mathjax: true' in Front-matter\n",
      position: 726,
      line: 48,
      column: 8,
      snippet: ' 46 |   # QQ:\n' +
        ' 47 |   # Weibo:\n' +
        ' 48 |   WeChat:dundun202010\n' +
        ' 49 |   Github: https://github.com/Siricee\n' +
        '--------------^\n' +
        ' 50 | \n' +
        ' 51 | # how links show: you have 2 choice--te ...'
    }
  }
} Process failed: %s _config.yml
INFO  Validating config
FATAL Permission denied. You can't use port 80.
FATAL {
  err: Error: listen EACCES: permission denied 0.0.0.0:80
      at Server.setupListenHandle [as _listen2] (node:net:1298:21)
      at listenInCluster (node:net:1363:12)
      at Server.listen (node:net:1450:7)
      at /home/ubuntu/trh/node_modules/hexo-server/lib/server.js:69:12
      at Promise._execute (/home/ubuntu/trh/node_modules/bluebird/js/release/debuggability.js:384:9)
      at Promise._resolveFromExecutor (/home/ubuntu/trh/node_modules/bluebird/js/release/promise.js:518:18)
      at new Promise (/home/ubuntu/trh/node_modules/bluebird/js/release/promise.js:103:10)
      at checkPort (/home/ubuntu/trh/node_modules/hexo-server/lib/server.js:66:10)
      at Hexo.module.exports (/home/ubuntu/trh/node_modules/hexo-server/lib/server.js:18:10)
      at Hexo.tryCatcher (/home/ubuntu/trh/node_modules/bluebird/js/release/util.js:16:23)
      at Hexo.<anonymous> (/home/ubuntu/trh/node_modules/bluebird/js/release/method.js:15:34)
      at /home/ubuntu/trh/node_modules/hexo/lib/hexo/index.js:260:17
      at Promise._execute (/home/ubuntu/trh/node_modules/bluebird/js/release/debuggability.js:384:9)
      at Promise._resolveFromExecutor (/home/ubuntu/trh/node_modules/bluebird/js/release/promise.js:518:18)
      at new Promise (/home/ubuntu/trh/node_modules/bluebird/js/release/promise.js:103:10)
      at Hexo.call (/home/ubuntu/trh/node_modules/hexo/lib/hexo/index.js:256:12)
      at /usr/local/lib/node_modules/hexo-cli/lib/hexo.js:60:17
      at tryCatcher (/usr/local/lib/node_modules/hexo-cli/node_modules/bluebird/js/release/util.js:16:23)
      at Promise._settlePromiseFromHandler (/usr/local/lib/node_modules/hexo-cli/node_modules/bluebird/js/release/promise.js:547:31)
      at Promise._settlePromise (/usr/local/lib/node_modules/hexo-cli/node_modules/bluebird/js/release/promise.js:604:18)
      at Promise._settlePromise0 (/usr/local/lib/node_modules/hexo-cli/node_modules/bluebird/js/release/promise.js:649:10)
      at Promise._settlePromises (/usr/local/lib/node_modules/hexo-cli/node_modules/bluebird/js/release/promise.js:729:18) {
    code: 'EACCES',
    errno: -13,
    syscall: 'listen',
    address: '0.0.0.0',
    port: 80
  }
} Something's wrong. Maybe you can find the solution here: %s https://hexo.io/docs/troubleshooting.html
INFO  Validating config
FATAL Permission denied. You can't use port 80.
FATAL {
  err: Error: listen EACCES: permission denied 0.0.0.0:80
      at Server.setupListenHandle [as _listen2] (node:net:1298:21)
      at listenInCluster (node:net:1363:12)
      at Server.listen (node:net:1450:7)
      at /home/ubuntu/trh/node_modules/hexo-server/lib/server.js:69:12
      at Promise._execute (/home/ubuntu/trh/node_modules/bluebird/js/release/debuggability.js:384:9)
      at Promise._resolveFromExecutor (/home/ubuntu/trh/node_modules/bluebird/js/release/promise.js:518:18)
      at new Promise (/home/ubuntu/trh/node_modules/bluebird/js/release/promise.js:103:10)
      at checkPort (/home/ubuntu/trh/node_modules/hexo-server/lib/server.js:66:10)
      at Hexo.module.exports (/home/ubuntu/trh/node_modules/hexo-server/lib/server.js:18:10)
      at Hexo.tryCatcher (/home/ubuntu/trh/node_modules/bluebird/js/release/util.js:16:23)
      at Hexo.<anonymous> (/home/ubuntu/trh/node_modules/bluebird/js/release/method.js:15:34)
      at /home/ubuntu/trh/node_modules/hexo/lib/hexo/index.js:260:17
      at Promise._execute (/home/ubuntu/trh/node_modules/bluebird/js/release/debuggability.js:384:9)
      at Promise._resolveFromExecutor (/home/ubuntu/trh/node_modules/bluebird/js/release/promise.js:518:18)
      at new Promise (/home/ubuntu/trh/node_modules/bluebird/js/release/promise.js:103:10)
      at Hexo.call (/home/ubuntu/trh/node_modules/hexo/lib/hexo/index.js:256:12)
      at /usr/local/lib/node_modules/hexo-cli/lib/hexo.js:60:17
      at tryCatcher (/usr/local/lib/node_modules/hexo-cli/node_modules/bluebird/js/release/util.js:16:23)
      at Promise._settlePromiseFromHandler (/usr/local/lib/node_modules/hexo-cli/node_modules/bluebird/js/release/promise.js:547:31)
      at Promise._settlePromise (/usr/local/lib/node_modules/hexo-cli/node_modules/bluebird/js/release/promise.js:604:18)
      at Promise._settlePromise0 (/usr/local/lib/node_modules/hexo-cli/node_modules/bluebird/js/release/promise.js:649:10)
      at Promise._settlePromises (/usr/local/lib/node_modules/hexo-cli/node_modules/bluebird/js/release/promise.js:729:18) {
    code: 'EACCES',
    errno: -13,
    syscall: 'listen',
    address: '0.0.0.0',
    port: 80
  }
} Something's wrong. Maybe you can find the solution here: %s https://hexo.io/docs/troubleshooting.html
INFO  Validating config
INFO  Start processing
INFO  Hexo is running at http://localhost:80 . Press Ctrl+C to stop.
(node:281130) Warning: Accessing non-existent property 'lineno' of module exports inside circular dependency
(Use `node --trace-warnings ...` to show where the warning was created)
(node:281130) Warning: Accessing non-existent property 'column' of module exports inside circular dependency
(node:281130) Warning: Accessing non-existent property 'filename' of module exports inside circular dependency
(node:281130) Warning: Accessing non-existent property 'lineno' of module exports inside circular dependency
(node:281130) Warning: Accessing non-existent property 'column' of module exports inside circular dependency
(node:281130) Warning: Accessing non-existent property 'filename' of module exports inside circular dependency
INFO  Validating config
INFO  Start processing
INFO  Hexo is running at http://localhost:80 . Press Ctrl+C to stop.
(node:1746114) Warning: Accessing non-existent property 'lineno' of module exports inside circular dependency
(Use `node --trace-warnings ...` to show where the warning was created)
(node:1746114) Warning: Accessing non-existent property 'column' of module exports inside circular dependency
(node:1746114) Warning: Accessing non-existent property 'filename' of module exports inside circular dependency
(node:1746114) Warning: Accessing non-existent property 'lineno' of module exports inside circular dependency
(node:1746114) Warning: Accessing non-existent property 'column' of module exports inside circular dependency
(node:1746114) Warning: Accessing non-existent property 'filename' of module exports inside circular dependency
Unhandled rejection TypeError: /home/ubuntu/trh/themes/Chic/layout/post.ejs:1
 >> 1| <%- partial('_page/post', {post: page, index: false}) %>

/home/ubuntu/trh/themes/Chic/layout/_page/post.ejs:94
    92| 
    93|     </article>
 >> 94|    <% if (theme.gitalk.enable) { %>
    95|        <div id="gitalk-container"></div>
    96|        <%- partial('_plugins/gitalk') %>
    97|    <% } %>

Cannot read property 'enable' of undefined
    at eval (/home/ubuntu/trh/themes/Chic/layout/_page/post.ejs:160:25)
    at post (/home/ubuntu/trh/node_modules/ejs/lib/ejs.js:682:17)
    at _View._compiledSync (/home/ubuntu/trh/node_modules/hexo/lib/theme/view.js:132:24)
    at _View.renderSync (/home/ubuntu/trh/node_modules/hexo/lib/theme/view.js:59:25)
    at Object.partial (/home/ubuntu/trh/node_modules/hexo/lib/plugins/helper/partial.js:34:15)
    at eval (/home/ubuntu/trh/themes/Chic/layout/post.ejs:10:17)
    at post (/home/ubuntu/trh/node_modules/ejs/lib/ejs.js:682:17)
    at _View._compiled (/home/ubuntu/trh/node_modules/hexo/lib/theme/view.js:136:50)
    at _View.render (/home/ubuntu/trh/node_modules/hexo/lib/theme/view.js:39:17)
    at /home/ubuntu/trh/node_modules/hexo/lib/hexo/index.js:64:21
    at tryCatcher (/home/ubuntu/trh/node_modules/bluebird/js/release/util.js:16:23)
    at /home/ubuntu/trh/node_modules/bluebird/js/release/method.js:15:34
    at RouteStream._read (/home/ubuntu/trh/node_modules/hexo/lib/hexo/router.js:47:5)
    at RouteStream.Readable.read (node:internal/streams/readable:484:10)
    at resume_ (node:internal/streams/readable:983:12)
    at processTicksAndRejections (node:internal/process/task_queues:83:21)
Unhandled rejection TypeError: /home/ubuntu/trh/themes/Chic/layout/post.ejs:1
 >> 1| <%- partial('_page/post', {post: page, index: false}) %>

/home/ubuntu/trh/themes/Chic/layout/_page/post.ejs:94
    92| 
    93|     </article>
 >> 94|    <% if (theme.gitalk.enable) { %>
    95|        <div id="gitalk-container"></div>
    96|        <%- partial('_plugins/gitalk') %>
    97|    <% } %>

Cannot read property 'enable' of undefined
    at eval (/home/ubuntu/trh/themes/Chic/layout/_page/post.ejs:160:25)
    at post (/home/ubuntu/trh/node_modules/ejs/lib/ejs.js:682:17)
    at _View._compiledSync (/home/ubuntu/trh/node_modules/hexo/lib/theme/view.js:132:24)
    at _View.renderSync (/home/ubuntu/trh/node_modules/hexo/lib/theme/view.js:59:25)
    at Object.partial (/home/ubuntu/trh/node_modules/hexo/lib/plugins/helper/partial.js:34:15)
    at eval (/home/ubuntu/trh/themes/Chic/layout/post.ejs:10:17)
    at post (/home/ubuntu/trh/node_modules/ejs/lib/ejs.js:682:17)
    at _View._compiled (/home/ubuntu/trh/node_modules/hexo/lib/theme/view.js:136:50)
    at _View.render (/home/ubuntu/trh/node_modules/hexo/lib/theme/view.js:39:17)
    at /home/ubuntu/trh/node_modules/hexo/lib/hexo/index.js:64:21
    at tryCatcher (/home/ubuntu/trh/node_modules/bluebird/js/release/util.js:16:23)
    at /home/ubuntu/trh/node_modules/bluebird/js/release/method.js:15:34
    at RouteStream._read (/home/ubuntu/trh/node_modules/hexo/lib/hexo/router.js:47:5)
    at RouteStream.Readable.read (node:internal/streams/readable:484:10)
    at resume_ (node:internal/streams/readable:983:12)
    at processTicksAndRejections (node:internal/process/task_queues:83:21)
Unhandled rejection TypeError: /home/ubuntu/trh/themes/Chic/layout/post.ejs:1
 >> 1| <%- partial('_page/post', {post: page, index: false}) %>

/home/ubuntu/trh/themes/Chic/layout/_page/post.ejs:94
    92| 
    93|     </article>
 >> 94|    <% if (theme.gitalk.enable) { %>
    95|        <div id="gitalk-container"></div>
    96|        <%- partial('_plugins/gitalk') %>
    97|    <% } %>

Cannot read property 'enable' of undefined
    at eval (/home/ubuntu/trh/themes/Chic/layout/_page/post.ejs:160:25)
    at post (/home/ubuntu/trh/node_modules/ejs/lib/ejs.js:682:17)
    at _View._compiledSync (/home/ubuntu/trh/node_modules/hexo/lib/theme/view.js:132:24)
    at _View.renderSync (/home/ubuntu/trh/node_modules/hexo/lib/theme/view.js:59:25)
    at Object.partial (/home/ubuntu/trh/node_modules/hexo/lib/plugins/helper/partial.js:34:15)
    at eval (/home/ubuntu/trh/themes/Chic/layout/post.ejs:10:17)
    at post (/home/ubuntu/trh/node_modules/ejs/lib/ejs.js:682:17)
    at _View._compiled (/home/ubuntu/trh/node_modules/hexo/lib/theme/view.js:136:50)
    at _View.render (/home/ubuntu/trh/node_modules/hexo/lib/theme/view.js:39:17)
    at /home/ubuntu/trh/node_modules/hexo/lib/hexo/index.js:64:21
    at tryCatcher (/home/ubuntu/trh/node_modules/bluebird/js/release/util.js:16:23)
    at /home/ubuntu/trh/node_modules/bluebird/js/release/method.js:15:34
    at RouteStream._read (/home/ubuntu/trh/node_modules/hexo/lib/hexo/router.js:47:5)
    at RouteStream.Readable.read (node:internal/streams/readable:484:10)
    at resume_ (node:internal/streams/readable:983:12)
    at processTicksAndRejections (node:internal/process/task_queues:83:21)
Unhandled rejection TypeError: /home/ubuntu/trh/themes/Chic/layout/post.ejs:1
 >> 1| <%- partial('_page/post', {post: page, index: false}) %>

/home/ubuntu/trh/themes/Chic/layout/_page/post.ejs:94
    92| 
    93|     </article>
 >> 94|    <% if (theme.gitalk.enable) { %>
    95|        <div id="gitalk-container"></div>
    96|        <%- partial('_plugins/gitalk') %>
    97|    <% } %>

Cannot read property 'enable' of undefined
    at eval (/home/ubuntu/trh/themes/Chic/layout/_page/post.ejs:160:25)
    at post (/home/ubuntu/trh/node_modules/ejs/lib/ejs.js:682:17)
    at _View._compiledSync (/home/ubuntu/trh/node_modules/hexo/lib/theme/view.js:132:24)
    at _View.renderSync (/home/ubuntu/trh/node_modules/hexo/lib/theme/view.js:59:25)
    at Object.partial (/home/ubuntu/trh/node_modules/hexo/lib/plugins/helper/partial.js:34:15)
    at eval (/home/ubuntu/trh/themes/Chic/layout/post.ejs:10:17)
    at post (/home/ubuntu/trh/node_modules/ejs/lib/ejs.js:682:17)
    at _View._compiled (/home/ubuntu/trh/node_modules/hexo/lib/theme/view.js:136:50)
    at _View.render (/home/ubuntu/trh/node_modules/hexo/lib/theme/view.js:39:17)
    at /home/ubuntu/trh/node_modules/hexo/lib/hexo/index.js:64:21
    at tryCatcher (/home/ubuntu/trh/node_modules/bluebird/js/release/util.js:16:23)
    at /home/ubuntu/trh/node_modules/bluebird/js/release/method.js:15:34
    at RouteStream._read (/home/ubuntu/trh/node_modules/hexo/lib/hexo/router.js:47:5)
    at RouteStream.Readable.read (node:internal/streams/readable:484:10)
    at resume_ (node:internal/streams/readable:983:12)
    at processTicksAndRejections (node:internal/process/task_queues:83:21)
Unhandled rejection TypeError: /home/ubuntu/trh/themes/Chic/layout/post.ejs:1
 >> 1| <%- partial('_page/post', {post: page, index: false}) %>

/home/ubuntu/trh/themes/Chic/layout/_page/post.ejs:94
    92| 
    93|     </article>
 >> 94|    <% if (theme.gitalk.enable) { %>
    95|        <div id="gitalk-container"></div>
    96|        <%- partial('_plugins/gitalk') %>
    97|    <% } %>

Cannot read property 'enable' of undefined
    at eval (/home/ubuntu/trh/themes/Chic/layout/_page/post.ejs:160:25)
    at post (/home/ubuntu/trh/node_modules/ejs/lib/ejs.js:682:17)
    at _View._compiledSync (/home/ubuntu/trh/node_modules/hexo/lib/theme/view.js:132:24)
    at _View.renderSync (/home/ubuntu/trh/node_modules/hexo/lib/theme/view.js:59:25)
    at Object.partial (/home/ubuntu/trh/node_modules/hexo/lib/plugins/helper/partial.js:34:15)
    at eval (/home/ubuntu/trh/themes/Chic/layout/post.ejs:10:17)
    at post (/home/ubuntu/trh/node_modules/ejs/lib/ejs.js:682:17)
    at _View._compiled (/home/ubuntu/trh/node_modules/hexo/lib/theme/view.js:136:50)
    at _View.render (/home/ubuntu/trh/node_modules/hexo/lib/theme/view.js:39:17)
    at /home/ubuntu/trh/node_modules/hexo/lib/hexo/index.js:64:21
    at tryCatcher (/home/ubuntu/trh/node_modules/bluebird/js/release/util.js:16:23)
    at /home/ubuntu/trh/node_modules/bluebird/js/release/method.js:15:34
    at RouteStream._read (/home/ubuntu/trh/node_modules/hexo/lib/hexo/router.js:47:5)
    at RouteStream.Readable.read (node:internal/streams/readable:484:10)
    at resume_ (node:internal/streams/readable:983:12)
    at processTicksAndRejections (node:internal/process/task_queues:83:21)
Unhandled rejection TypeError: /home/ubuntu/trh/themes/Chic/layout/post.ejs:1
 >> 1| <%- partial('_page/post', {post: page, index: false}) %>

/home/ubuntu/trh/themes/Chic/layout/_page/post.ejs:94
    92| 
    93|     </article>
 >> 94|    <% if (theme.gitalk.enable) { %>
    95|        <div id="gitalk-container"></div>
    96|        <%- partial('_plugins/gitalk') %>
    97|    <% } %>

Cannot read property 'enable' of undefined
    at eval (/home/ubuntu/trh/themes/Chic/layout/_page/post.ejs:160:25)
    at post (/home/ubuntu/trh/node_modules/ejs/lib/ejs.js:682:17)
    at _View._compiledSync (/home/ubuntu/trh/node_modules/hexo/lib/theme/view.js:132:24)
    at _View.renderSync (/home/ubuntu/trh/node_modules/hexo/lib/theme/view.js:59:25)
    at Object.partial (/home/ubuntu/trh/node_modules/hexo/lib/plugins/helper/partial.js:34:15)
    at eval (/home/ubuntu/trh/themes/Chic/layout/post.ejs:10:17)
    at post (/home/ubuntu/trh/node_modules/ejs/lib/ejs.js:682:17)
    at _View._compiled (/home/ubuntu/trh/node_modules/hexo/lib/theme/view.js:136:50)
    at _View.render (/home/ubuntu/trh/node_modules/hexo/lib/theme/view.js:39:17)
    at /home/ubuntu/trh/node_modules/hexo/lib/hexo/index.js:64:21
    at tryCatcher (/home/ubuntu/trh/node_modules/bluebird/js/release/util.js:16:23)
    at /home/ubuntu/trh/node_modules/bluebird/js/release/method.js:15:34
    at RouteStream._read (/home/ubuntu/trh/node_modules/hexo/lib/hexo/router.js:47:5)
    at RouteStream.Readable.read (node:internal/streams/readable:484:10)
    at resume_ (node:internal/streams/readable:983:12)
    at processTicksAndRejections (node:internal/process/task_queues:83:21)
Unhandled rejection TypeError: /home/ubuntu/trh/themes/Chic/layout/post.ejs:1
 >> 1| <%- partial('_page/post', {post: page, index: false}) %>

/home/ubuntu/trh/themes/Chic/layout/_page/post.ejs:94
    92| 
    93|     </article>
 >> 94|    <% if (theme.gitalk.enable) { %>
    95|        <div id="gitalk-container"></div>
    96|        <%- partial('_plugins/gitalk') %>
    97|    <% } %>

Cannot read property 'enable' of undefined
    at eval (/home/ubuntu/trh/themes/Chic/layout/_page/post.ejs:160:25)
    at post (/home/ubuntu/trh/node_modules/ejs/lib/ejs.js:682:17)
    at _View._compiledSync (/home/ubuntu/trh/node_modules/hexo/lib/theme/view.js:132:24)
    at _View.renderSync (/home/ubuntu/trh/node_modules/hexo/lib/theme/view.js:59:25)
    at Object.partial (/home/ubuntu/trh/node_modules/hexo/lib/plugins/helper/partial.js:34:15)
    at eval (/home/ubuntu/trh/themes/Chic/layout/post.ejs:10:17)
    at post (/home/ubuntu/trh/node_modules/ejs/lib/ejs.js:682:17)
    at _View._compiled (/home/ubuntu/trh/node_modules/hexo/lib/theme/view.js:136:50)
    at _View.render (/home/ubuntu/trh/node_modules/hexo/lib/theme/view.js:39:17)
    at /home/ubuntu/trh/node_modules/hexo/lib/hexo/index.js:64:21
    at tryCatcher (/home/ubuntu/trh/node_modules/bluebird/js/release/util.js:16:23)
    at /home/ubuntu/trh/node_modules/bluebird/js/release/method.js:15:34
    at RouteStream._read (/home/ubuntu/trh/node_modules/hexo/lib/hexo/router.js:47:5)
    at RouteStream.Readable.read (node:internal/streams/readable:484:10)
    at resume_ (node:internal/streams/readable:983:12)
    at processTicksAndRejections (node:internal/process/task_queues:83:21)
Unhandled rejection TypeError: /home/ubuntu/trh/themes/Chic/layout/post.ejs:1
 >> 1| <%- partial('_page/post', {post: page, index: false}) %>

/home/ubuntu/trh/themes/Chic/layout/_page/post.ejs:94
    92| 
    93|     </article>
 >> 94|    <% if (theme.gitalk.enable) { %>
    95|        <div id="gitalk-container"></div>
    96|        <%- partial('_plugins/gitalk') %>
    97|    <% } %>

Cannot read property 'enable' of undefined
    at eval (/home/ubuntu/trh/themes/Chic/layout/_page/post.ejs:160:25)
    at post (/home/ubuntu/trh/node_modules/ejs/lib/ejs.js:682:17)
    at _View._compiledSync (/home/ubuntu/trh/node_modules/hexo/lib/theme/view.js:132:24)
    at _View.renderSync (/home/ubuntu/trh/node_modules/hexo/lib/theme/view.js:59:25)
    at Object.partial (/home/ubuntu/trh/node_modules/hexo/lib/plugins/helper/partial.js:34:15)
    at eval (/home/ubuntu/trh/themes/Chic/layout/post.ejs:10:17)
    at post (/home/ubuntu/trh/node_modules/ejs/lib/ejs.js:682:17)
    at _View._compiled (/home/ubuntu/trh/node_modules/hexo/lib/theme/view.js:136:50)
    at _View.render (/home/ubuntu/trh/node_modules/hexo/lib/theme/view.js:39:17)
    at /home/ubuntu/trh/node_modules/hexo/lib/hexo/index.js:64:21
    at tryCatcher (/home/ubuntu/trh/node_modules/bluebird/js/release/util.js:16:23)
    at /home/ubuntu/trh/node_modules/bluebird/js/release/method.js:15:34
    at RouteStream._read (/home/ubuntu/trh/node_modules/hexo/lib/hexo/router.js:47:5)
    at RouteStream.Readable.read (node:internal/streams/readable:484:10)
    at resume_ (node:internal/streams/readable:983:12)
    at processTicksAndRejections (node:internal/process/task_queues:83:21)
Unhandled rejection TypeError: /home/ubuntu/trh/themes/Chic/layout/post.ejs:1
 >> 1| <%- partial('_page/post', {post: page, index: false}) %>

/home/ubuntu/trh/themes/Chic/layout/_page/post.ejs:94
    92| 
    93|     </article>
 >> 94|    <% if (theme.gitalk.enable) { %>
    95|        <div id="gitalk-container"></div>
    96|        <%- partial('_plugins/gitalk') %>
    97|    <% } %>

Cannot read property 'enable' of undefined
    at eval (/home/ubuntu/trh/themes/Chic/layout/_page/post.ejs:160:25)
    at post (/home/ubuntu/trh/node_modules/ejs/lib/ejs.js:682:17)
    at _View._compiledSync (/home/ubuntu/trh/node_modules/hexo/lib/theme/view.js:132:24)
    at _View.renderSync (/home/ubuntu/trh/node_modules/hexo/lib/theme/view.js:59:25)
    at Object.partial (/home/ubuntu/trh/node_modules/hexo/lib/plugins/helper/partial.js:34:15)
    at eval (/home/ubuntu/trh/themes/Chic/layout/post.ejs:10:17)
    at post (/home/ubuntu/trh/node_modules/ejs/lib/ejs.js:682:17)
    at _View._compiled (/home/ubuntu/trh/node_modules/hexo/lib/theme/view.js:136:50)
    at _View.render (/home/ubuntu/trh/node_modules/hexo/lib/theme/view.js:39:17)
    at /home/ubuntu/trh/node_modules/hexo/lib/hexo/index.js:64:21
    at tryCatcher (/home/ubuntu/trh/node_modules/bluebird/js/release/util.js:16:23)
    at /home/ubuntu/trh/node_modules/bluebird/js/release/method.js:15:34
    at RouteStream._read (/home/ubuntu/trh/node_modules/hexo/lib/hexo/router.js:47:5)
    at RouteStream.Readable.read (node:internal/streams/readable:484:10)
    at resume_ (node:internal/streams/readable:983:12)
    at processTicksAndRejections (node:internal/process/task_queues:83:21)
URIError: URI malformed
    at decodeURIComponent (<anonymous>)
    at /home/ubuntu/trh/node_modules/hexo-server/lib/middlewares/route.js:20:28
    at call (/home/ubuntu/trh/node_modules/connect/index.js:239:7)
    at next (/home/ubuntu/trh/node_modules/connect/index.js:183:5)
    at /home/ubuntu/trh/node_modules/hexo-server/lib/middlewares/header.js:9:5
    at call (/home/ubuntu/trh/node_modules/connect/index.js:239:7)
    at next (/home/ubuntu/trh/node_modules/connect/index.js:183:5)
    at Function.handle (/home/ubuntu/trh/node_modules/connect/index.js:186:3)
    at Server.app (/home/ubuntu/trh/node_modules/connect/index.js:51:37)
    at Server.emit (node:events:394:28)
    at parserOnIncoming (node:_http_server:927:12)
    at HTTPParser.parserOnHeadersComplete (node:_http_common:128:17)
URIError: URI malformed
    at decodeURIComponent (<anonymous>)
    at /home/ubuntu/trh/node_modules/hexo-server/lib/middlewares/route.js:20:28
    at call (/home/ubuntu/trh/node_modules/connect/index.js:239:7)
    at next (/home/ubuntu/trh/node_modules/connect/index.js:183:5)
    at /home/ubuntu/trh/node_modules/hexo-server/lib/middlewares/header.js:9:5
    at call (/home/ubuntu/trh/node_modules/connect/index.js:239:7)
    at next (/home/ubuntu/trh/node_modules/connect/index.js:183:5)
    at Function.handle (/home/ubuntu/trh/node_modules/connect/index.js:186:3)
    at Server.app (/home/ubuntu/trh/node_modules/connect/index.js:51:37)
    at Server.emit (node:events:394:28)
    at parserOnIncoming (node:_http_server:927:12)
    at HTTPParser.parserOnHeadersComplete (node:_http_common:128:17)
URIError: URI malformed
    at decodeURIComponent (<anonymous>)
    at /home/ubuntu/trh/node_modules/hexo-server/lib/middlewares/route.js:20:28
    at call (/home/ubuntu/trh/node_modules/connect/index.js:239:7)
    at next (/home/ubuntu/trh/node_modules/connect/index.js:183:5)
    at /home/ubuntu/trh/node_modules/hexo-server/lib/middlewares/header.js:9:5
    at call (/home/ubuntu/trh/node_modules/connect/index.js:239:7)
    at next (/home/ubuntu/trh/node_modules/connect/index.js:183:5)
    at Function.handle (/home/ubuntu/trh/node_modules/connect/index.js:186:3)
    at Server.app (/home/ubuntu/trh/node_modules/connect/index.js:51:37)
    at Server.emit (node:events:394:28)
    at parserOnIncoming (node:_http_server:927:12)
    at HTTPParser.parserOnHeadersComplete (node:_http_common:128:17)
URIError: URI malformed
    at decodeURIComponent (<anonymous>)
    at /home/ubuntu/trh/node_modules/hexo-server/lib/middlewares/route.js:20:28
    at call (/home/ubuntu/trh/node_modules/connect/index.js:239:7)
    at next (/home/ubuntu/trh/node_modules/connect/index.js:183:5)
    at /home/ubuntu/trh/node_modules/hexo-server/lib/middlewares/header.js:9:5
    at call (/home/ubuntu/trh/node_modules/connect/index.js:239:7)
    at next (/home/ubuntu/trh/node_modules/connect/index.js:183:5)
    at Function.handle (/home/ubuntu/trh/node_modules/connect/index.js:186:3)
    at Server.app (/home/ubuntu/trh/node_modules/connect/index.js:51:37)
    at Server.emit (node:events:394:28)
    at parserOnIncoming (node:_http_server:927:12)
    at HTTPParser.parserOnHeadersComplete (node:_http_common:128:17)
URIError: URI malformed
    at decodeURIComponent (<anonymous>)
    at /home/ubuntu/trh/node_modules/hexo-server/lib/middlewares/route.js:20:28
    at call (/home/ubuntu/trh/node_modules/connect/index.js:239:7)
    at next (/home/ubuntu/trh/node_modules/connect/index.js:183:5)
    at /home/ubuntu/trh/node_modules/hexo-server/lib/middlewares/header.js:9:5
    at call (/home/ubuntu/trh/node_modules/connect/index.js:239:7)
    at next (/home/ubuntu/trh/node_modules/connect/index.js:183:5)
    at Function.handle (/home/ubuntu/trh/node_modules/connect/index.js:186:3)
    at Server.app (/home/ubuntu/trh/node_modules/connect/index.js:51:37)
    at Server.emit (node:events:394:28)
    at parserOnIncoming (node:_http_server:927:12)
    at HTTPParser.parserOnHeadersComplete (node:_http_common:128:17)
URIError: URI malformed
    at decodeURIComponent (<anonymous>)
    at /home/ubuntu/trh/node_modules/hexo-server/lib/middlewares/route.js:20:28
    at call (/home/ubuntu/trh/node_modules/connect/index.js:239:7)
    at next (/home/ubuntu/trh/node_modules/connect/index.js:183:5)
    at /home/ubuntu/trh/node_modules/hexo-server/lib/middlewares/header.js:9:5
    at call (/home/ubuntu/trh/node_modules/connect/index.js:239:7)
    at next (/home/ubuntu/trh/node_modules/connect/index.js:183:5)
    at Function.handle (/home/ubuntu/trh/node_modules/connect/index.js:186:3)
    at Server.app (/home/ubuntu/trh/node_modules/connect/index.js:51:37)
    at Server.emit (node:events:394:28)
    at parserOnIncoming (node:_http_server:927:12)
    at HTTPParser.parserOnHeadersComplete (node:_http_common:128:17)
URIError: URI malformed
    at decodeURIComponent (<anonymous>)
    at /home/ubuntu/trh/node_modules/hexo-server/lib/middlewares/route.js:20:28
    at call (/home/ubuntu/trh/node_modules/connect/index.js:239:7)
    at next (/home/ubuntu/trh/node_modules/connect/index.js:183:5)
    at /home/ubuntu/trh/node_modules/hexo-server/lib/middlewares/header.js:9:5
    at call (/home/ubuntu/trh/node_modules/connect/index.js:239:7)
    at next (/home/ubuntu/trh/node_modules/connect/index.js:183:5)
    at Function.handle (/home/ubuntu/trh/node_modules/connect/index.js:186:3)
    at Server.app (/home/ubuntu/trh/node_modules/connect/index.js:51:37)
    at Server.emit (node:events:394:28)
    at parserOnIncoming (node:_http_server:927:12)
    at HTTPParser.parserOnHeadersComplete (node:_http_common:128:17)
URIError: URI malformed
    at decodeURIComponent (<anonymous>)
    at /home/ubuntu/trh/node_modules/hexo-server/lib/middlewares/route.js:20:28
    at call (/home/ubuntu/trh/node_modules/connect/index.js:239:7)
    at next (/home/ubuntu/trh/node_modules/connect/index.js:183:5)
    at /home/ubuntu/trh/node_modules/hexo-server/lib/middlewares/header.js:9:5
    at call (/home/ubuntu/trh/node_modules/connect/index.js:239:7)
    at next (/home/ubuntu/trh/node_modules/connect/index.js:183:5)
    at Function.handle (/home/ubuntu/trh/node_modules/connect/index.js:186:3)
    at Server.app (/home/ubuntu/trh/node_modules/connect/index.js:51:37)
    at Server.emit (node:events:394:28)
    at parserOnIncoming (node:_http_server:927:12)
    at HTTPParser.parserOnHeadersComplete (node:_http_common:128:17)
URIError: URI malformed
    at decodeURIComponent (<anonymous>)
    at /home/ubuntu/trh/node_modules/hexo-server/lib/middlewares/route.js:20:28
    at call (/home/ubuntu/trh/node_modules/connect/index.js:239:7)
    at next (/home/ubuntu/trh/node_modules/connect/index.js:183:5)
    at /home/ubuntu/trh/node_modules/hexo-server/lib/middlewares/header.js:9:5
    at call (/home/ubuntu/trh/node_modules/connect/index.js:239:7)
    at next (/home/ubuntu/trh/node_modules/connect/index.js:183:5)
    at Function.handle (/home/ubuntu/trh/node_modules/connect/index.js:186:3)
    at Server.app (/home/ubuntu/trh/node_modules/connect/index.js:51:37)
    at Server.emit (node:events:394:28)
    at parserOnIncoming (node:_http_server:927:12)
    at HTTPParser.parserOnHeadersComplete (node:_http_common:128:17)
INFO  Validating config
INFO  Start processing
INFO  Hexo is running at http://localhost:4000 . Press Ctrl+C to stop.
FATAL {
  err: [Error: EACCES: permission denied, open '/home/ubuntu/trh/db.json'] {
    errno: -13,
    code: 'EACCES',
    syscall: 'open',
    path: '/home/ubuntu/trh/db.json'
  }
} Something's wrong. Maybe you can find the solution here: %s https://hexo.io/docs/troubleshooting.html
FATAL [Error: EACCES: permission denied, open '/home/ubuntu/trh/db.json'] {
  errno: -13,
  code: 'EACCES',
  syscall: 'open',
  path: '/home/ubuntu/trh/db.json'
}
INFO  Validating config
FATAL Port 4000 has been used. Try other port instead.
FATAL {
  err: Error: listen EADDRINUSE: address already in use :::4000
      at Server.setupListenHandle [as _listen2] (node:net:1315:16)
      at listenInCluster (node:net:1363:12)
      at Server.listen (node:net:1450:7)
      at /home/ubuntu/trh/node_modules/hexo-server/lib/server.js:69:12
      at Promise._execute (/home/ubuntu/trh/node_modules/bluebird/js/release/debuggability.js:384:9)
      at Promise._resolveFromExecutor (/home/ubuntu/trh/node_modules/bluebird/js/release/promise.js:518:18)
      at new Promise (/home/ubuntu/trh/node_modules/bluebird/js/release/promise.js:103:10)
      at checkPort (/home/ubuntu/trh/node_modules/hexo-server/lib/server.js:66:10)
      at Hexo.module.exports (/home/ubuntu/trh/node_modules/hexo-server/lib/server.js:18:10)
      at Hexo.tryCatcher (/home/ubuntu/trh/node_modules/bluebird/js/release/util.js:16:23)
      at Hexo.<anonymous> (/home/ubuntu/trh/node_modules/bluebird/js/release/method.js:15:34)
      at /home/ubuntu/trh/node_modules/hexo/lib/hexo/index.js:260:17
      at Promise._execute (/home/ubuntu/trh/node_modules/bluebird/js/release/debuggability.js:384:9)
      at Promise._resolveFromExecutor (/home/ubuntu/trh/node_modules/bluebird/js/release/promise.js:518:18)
      at new Promise (/home/ubuntu/trh/node_modules/bluebird/js/release/promise.js:103:10)
      at Hexo.call (/home/ubuntu/trh/node_modules/hexo/lib/hexo/index.js:256:12)
      at /usr/local/lib/node_modules/hexo-cli/lib/hexo.js:60:17
      at tryCatcher (/usr/local/lib/node_modules/hexo-cli/node_modules/bluebird/js/release/util.js:16:23)
      at Promise._settlePromiseFromHandler (/usr/local/lib/node_modules/hexo-cli/node_modules/bluebird/js/release/promise.js:547:31)
      at Promise._settlePromise (/usr/local/lib/node_modules/hexo-cli/node_modules/bluebird/js/release/promise.js:604:18)
      at Promise._settlePromise0 (/usr/local/lib/node_modules/hexo-cli/node_modules/bluebird/js/release/promise.js:649:10)
      at Promise._settlePromises (/usr/local/lib/node_modules/hexo-cli/node_modules/bluebird/js/release/promise.js:729:18) {
    code: 'EADDRINUSE',
    errno: -98,
    syscall: 'listen',
    address: '::',
    port: 4000
  }
} Something's wrong. Maybe you can find the solution here: %s https://hexo.io/docs/troubleshooting.html
INFO  Validating config
FATAL Port 4000 has been used. Try other port instead.
FATAL {
  err: Error: listen EADDRINUSE: address already in use :::4000
      at Server.setupListenHandle [as _listen2] (node:net:1315:16)
      at listenInCluster (node:net:1363:12)
      at Server.listen (node:net:1450:7)
      at /home/ubuntu/trh/node_modules/hexo-server/lib/server.js:69:12
      at Promise._execute (/home/ubuntu/trh/node_modules/bluebird/js/release/debuggability.js:384:9)
      at Promise._resolveFromExecutor (/home/ubuntu/trh/node_modules/bluebird/js/release/promise.js:518:18)
      at new Promise (/home/ubuntu/trh/node_modules/bluebird/js/release/promise.js:103:10)
      at checkPort (/home/ubuntu/trh/node_modules/hexo-server/lib/server.js:66:10)
      at Hexo.module.exports (/home/ubuntu/trh/node_modules/hexo-server/lib/server.js:18:10)
      at Hexo.tryCatcher (/home/ubuntu/trh/node_modules/bluebird/js/release/util.js:16:23)
      at Hexo.<anonymous> (/home/ubuntu/trh/node_modules/bluebird/js/release/method.js:15:34)
      at /home/ubuntu/trh/node_modules/hexo/lib/hexo/index.js:260:17
      at Promise._execute (/home/ubuntu/trh/node_modules/bluebird/js/release/debuggability.js:384:9)
      at Promise._resolveFromExecutor (/home/ubuntu/trh/node_modules/bluebird/js/release/promise.js:518:18)
      at new Promise (/home/ubuntu/trh/node_modules/bluebird/js/release/promise.js:103:10)
      at Hexo.call (/home/ubuntu/trh/node_modules/hexo/lib/hexo/index.js:256:12)
      at /usr/local/lib/node_modules/hexo-cli/lib/hexo.js:60:17
      at tryCatcher (/usr/local/lib/node_modules/hexo-cli/node_modules/bluebird/js/release/util.js:16:23)
      at Promise._settlePromiseFromHandler (/usr/local/lib/node_modules/hexo-cli/node_modules/bluebird/js/release/promise.js:547:31)
      at Promise._settlePromise (/usr/local/lib/node_modules/hexo-cli/node_modules/bluebird/js/release/promise.js:604:18)
      at Promise._settlePromise0 (/usr/local/lib/node_modules/hexo-cli/node_modules/bluebird/js/release/promise.js:649:10)
      at Promise._settlePromises (/usr/local/lib/node_modules/hexo-cli/node_modules/bluebird/js/release/promise.js:729:18) {
    code: 'EADDRINUSE',
    errno: -98,
    syscall: 'listen',
    address: '::',
    port: 4000
  }
} Something's wrong. Maybe you can find the solution here: %s https://hexo.io/docs/troubleshooting.html
INFO  Validating config
FATAL Port 80 has been used. Try other port instead.
FATAL {
  err: Error: listen EADDRINUSE: address already in use :::80
      at Server.setupListenHandle [as _listen2] (node:net:1315:16)
      at listenInCluster (node:net:1363:12)
      at Server.listen (node:net:1450:7)
      at /home/ubuntu/trh/node_modules/hexo-server/lib/server.js:69:12
      at Promise._execute (/home/ubuntu/trh/node_modules/bluebird/js/release/debuggability.js:384:9)
      at Promise._resolveFromExecutor (/home/ubuntu/trh/node_modules/bluebird/js/release/promise.js:518:18)
      at new Promise (/home/ubuntu/trh/node_modules/bluebird/js/release/promise.js:103:10)
      at checkPort (/home/ubuntu/trh/node_modules/hexo-server/lib/server.js:66:10)
      at Hexo.module.exports (/home/ubuntu/trh/node_modules/hexo-server/lib/server.js:18:10)
      at Hexo.tryCatcher (/home/ubuntu/trh/node_modules/bluebird/js/release/util.js:16:23)
      at Hexo.<anonymous> (/home/ubuntu/trh/node_modules/bluebird/js/release/method.js:15:34)
      at /home/ubuntu/trh/node_modules/hexo/lib/hexo/index.js:260:17
      at Promise._execute (/home/ubuntu/trh/node_modules/bluebird/js/release/debuggability.js:384:9)
      at Promise._resolveFromExecutor (/home/ubuntu/trh/node_modules/bluebird/js/release/promise.js:518:18)
      at new Promise (/home/ubuntu/trh/node_modules/bluebird/js/release/promise.js:103:10)
      at Hexo.call (/home/ubuntu/trh/node_modules/hexo/lib/hexo/index.js:256:12)
      at /usr/local/lib/node_modules/hexo-cli/lib/hexo.js:60:17
      at tryCatcher (/usr/local/lib/node_modules/hexo-cli/node_modules/bluebird/js/release/util.js:16:23)
      at Promise._settlePromiseFromHandler (/usr/local/lib/node_modules/hexo-cli/node_modules/bluebird/js/release/promise.js:547:31)
      at Promise._settlePromise (/usr/local/lib/node_modules/hexo-cli/node_modules/bluebird/js/release/promise.js:604:18)
      at Promise._settlePromise0 (/usr/local/lib/node_modules/hexo-cli/node_modules/bluebird/js/release/promise.js:649:10)
      at Promise._settlePromises (/usr/local/lib/node_modules/hexo-cli/node_modules/bluebird/js/release/promise.js:729:18) {
    code: 'EADDRINUSE',
    errno: -98,
    syscall: 'listen',
    address: '::',
    port: 80
  }
} Something's wrong. Maybe you can find the solution here: %s https://hexo.io/docs/troubleshooting.html
INFO  Validating config
FATAL Port 80 has been used. Try other port instead.
FATAL {
  err: Error: listen EADDRINUSE: address already in use :::80
      at Server.setupListenHandle [as _listen2] (node:net:1315:16)
      at listenInCluster (node:net:1363:12)
      at Server.listen (node:net:1450:7)
      at /home/ubuntu/trh/node_modules/hexo-server/lib/server.js:69:12
      at Promise._execute (/home/ubuntu/trh/node_modules/bluebird/js/release/debuggability.js:384:9)
      at Promise._resolveFromExecutor (/home/ubuntu/trh/node_modules/bluebird/js/release/promise.js:518:18)
      at new Promise (/home/ubuntu/trh/node_modules/bluebird/js/release/promise.js:103:10)
      at checkPort (/home/ubuntu/trh/node_modules/hexo-server/lib/server.js:66:10)
      at Hexo.module.exports (/home/ubuntu/trh/node_modules/hexo-server/lib/server.js:18:10)
      at Hexo.tryCatcher (/home/ubuntu/trh/node_modules/bluebird/js/release/util.js:16:23)
      at Hexo.<anonymous> (/home/ubuntu/trh/node_modules/bluebird/js/release/method.js:15:34)
      at /home/ubuntu/trh/node_modules/hexo/lib/hexo/index.js:260:17
      at Promise._execute (/home/ubuntu/trh/node_modules/bluebird/js/release/debuggability.js:384:9)
      at Promise._resolveFromExecutor (/home/ubuntu/trh/node_modules/bluebird/js/release/promise.js:518:18)
      at new Promise (/home/ubuntu/trh/node_modules/bluebird/js/release/promise.js:103:10)
      at Hexo.call (/home/ubuntu/trh/node_modules/hexo/lib/hexo/index.js:256:12)
      at /usr/local/lib/node_modules/hexo-cli/lib/hexo.js:60:17
      at tryCatcher (/usr/local/lib/node_modules/hexo-cli/node_modules/bluebird/js/release/util.js:16:23)
      at Promise._settlePromiseFromHandler (/usr/local/lib/node_modules/hexo-cli/node_modules/bluebird/js/release/promise.js:547:31)
      at Promise._settlePromise (/usr/local/lib/node_modules/hexo-cli/node_modules/bluebird/js/release/promise.js:604:18)
      at Promise._settlePromise0 (/usr/local/lib/node_modules/hexo-cli/node_modules/bluebird/js/release/promise.js:649:10)
      at Promise._settlePromises (/usr/local/lib/node_modules/hexo-cli/node_modules/bluebird/js/release/promise.js:729:18) {
    code: 'EADDRINUSE',
    errno: -98,
    syscall: 'listen',
    address: '::',
    port: 80
  }
} Something's wrong. Maybe you can find the solution here: %s https://hexo.io/docs/troubleshooting.html
INFO  Validating config
INFO  Start processing
INFO  Hexo is running at http://localhost:80 . Press Ctrl+C to stop.
(node:2181) Warning: Accessing non-existent property 'lineno' of module exports inside circular dependency
(Use `node --trace-warnings ...` to show where the warning was created)
(node:2181) Warning: Accessing non-existent property 'column' of module exports inside circular dependency
(node:2181) Warning: Accessing non-existent property 'filename' of module exports inside circular dependency
(node:2181) Warning: Accessing non-existent property 'lineno' of module exports inside circular dependency
(node:2181) Warning: Accessing non-existent property 'column' of module exports inside circular dependency
(node:2181) Warning: Accessing non-existent property 'filename' of module exports inside circular dependency
URIError: URI malformed
    at decodeURIComponent (<anonymous>)
    at /home/ubuntu/trh/node_modules/hexo-server/lib/middlewares/route.js:20:28
    at call (/home/ubuntu/trh/node_modules/connect/index.js:239:7)
    at next (/home/ubuntu/trh/node_modules/connect/index.js:183:5)
    at /home/ubuntu/trh/node_modules/hexo-server/lib/middlewares/header.js:9:5
    at call (/home/ubuntu/trh/node_modules/connect/index.js:239:7)
    at next (/home/ubuntu/trh/node_modules/connect/index.js:183:5)
    at Function.handle (/home/ubuntu/trh/node_modules/connect/index.js:186:3)
    at Server.app (/home/ubuntu/trh/node_modules/connect/index.js:51:37)
    at Server.emit (node:events:394:28)
    at parserOnIncoming (node:_http_server:927:12)
    at HTTPParser.parserOnHeadersComplete (node:_http_common:128:17)
URIError: URI malformed
    at decodeURIComponent (<anonymous>)
    at /home/ubuntu/trh/node_modules/hexo-server/lib/middlewares/route.js:20:28
    at call (/home/ubuntu/trh/node_modules/connect/index.js:239:7)
    at next (/home/ubuntu/trh/node_modules/connect/index.js:183:5)
    at /home/ubuntu/trh/node_modules/hexo-server/lib/middlewares/header.js:9:5
    at call (/home/ubuntu/trh/node_modules/connect/index.js:239:7)
    at next (/home/ubuntu/trh/node_modules/connect/index.js:183:5)
    at Function.handle (/home/ubuntu/trh/node_modules/connect/index.js:186:3)
    at Server.app (/home/ubuntu/trh/node_modules/connect/index.js:51:37)
    at Server.emit (node:events:394:28)
    at parserOnIncoming (node:_http_server:927:12)
    at HTTPParser.parserOnHeadersComplete (node:_http_common:128:17)
URIError: URI malformed
    at decodeURIComponent (<anonymous>)
    at /home/ubuntu/trh/node_modules/hexo-server/lib/middlewares/route.js:20:28
    at call (/home/ubuntu/trh/node_modules/connect/index.js:239:7)
    at next (/home/ubuntu/trh/node_modules/connect/index.js:183:5)
    at /home/ubuntu/trh/node_modules/hexo-server/lib/middlewares/header.js:9:5
    at call (/home/ubuntu/trh/node_modules/connect/index.js:239:7)
    at next (/home/ubuntu/trh/node_modules/connect/index.js:183:5)
    at Function.handle (/home/ubuntu/trh/node_modules/connect/index.js:186:3)
    at Server.app (/home/ubuntu/trh/node_modules/connect/index.js:51:37)
    at Server.emit (node:events:394:28)
    at parserOnIncoming (node:_http_server:927:12)
    at HTTPParser.parserOnHeadersComplete (node:_http_common:128:17)
URIError: URI malformed
    at decodeURIComponent (<anonymous>)
    at /home/ubuntu/trh/node_modules/hexo-server/lib/middlewares/route.js:20:28
    at call (/home/ubuntu/trh/node_modules/connect/index.js:239:7)
    at next (/home/ubuntu/trh/node_modules/connect/index.js:183:5)
    at /home/ubuntu/trh/node_modules/hexo-server/lib/middlewares/header.js:9:5
    at call (/home/ubuntu/trh/node_modules/connect/index.js:239:7)
    at next (/home/ubuntu/trh/node_modules/connect/index.js:183:5)
    at Function.handle (/home/ubuntu/trh/node_modules/connect/index.js:186:3)
    at Server.app (/home/ubuntu/trh/node_modules/connect/index.js:51:37)
    at Server.emit (node:events:394:28)
    at parserOnIncoming (node:_http_server:927:12)
    at HTTPParser.parserOnHeadersComplete (node:_http_common:128:17)
URIError: URI malformed
    at decodeURIComponent (<anonymous>)
    at /home/ubuntu/trh/node_modules/hexo-server/lib/middlewares/route.js:20:28
    at call (/home/ubuntu/trh/node_modules/connect/index.js:239:7)
    at next (/home/ubuntu/trh/node_modules/connect/index.js:183:5)
    at /home/ubuntu/trh/node_modules/hexo-server/lib/middlewares/header.js:9:5
    at call (/home/ubuntu/trh/node_modules/connect/index.js:239:7)
    at next (/home/ubuntu/trh/node_modules/connect/index.js:183:5)
    at Function.handle (/home/ubuntu/trh/node_modules/connect/index.js:186:3)
    at Server.app (/home/ubuntu/trh/node_modules/connect/index.js:51:37)
    at Server.emit (node:events:394:28)
    at parserOnIncoming (node:_http_server:927:12)
    at HTTPParser.parserOnHeadersComplete (node:_http_common:128:17)
URIError: URI malformed
    at decodeURIComponent (<anonymous>)
    at /home/ubuntu/trh/node_modules/hexo-server/lib/middlewares/route.js:20:28
    at call (/home/ubuntu/trh/node_modules/connect/index.js:239:7)
    at next (/home/ubuntu/trh/node_modules/connect/index.js:183:5)
    at /home/ubuntu/trh/node_modules/hexo-server/lib/middlewares/header.js:9:5
    at call (/home/ubuntu/trh/node_modules/connect/index.js:239:7)
    at next (/home/ubuntu/trh/node_modules/connect/index.js:183:5)
    at Function.handle (/home/ubuntu/trh/node_modules/connect/index.js:186:3)
    at Server.app (/home/ubuntu/trh/node_modules/connect/index.js:51:37)
    at Server.emit (node:events:394:28)
    at parserOnIncoming (node:_http_server:927:12)
    at HTTPParser.parserOnHeadersComplete (node:_http_common:128:17)
URIError: URI malformed
    at decodeURIComponent (<anonymous>)
    at /home/ubuntu/trh/node_modules/hexo-server/lib/middlewares/route.js:20:28
    at call (/home/ubuntu/trh/node_modules/connect/index.js:239:7)
    at next (/home/ubuntu/trh/node_modules/connect/index.js:183:5)
    at /home/ubuntu/trh/node_modules/hexo-server/lib/middlewares/header.js:9:5
    at call (/home/ubuntu/trh/node_modules/connect/index.js:239:7)
    at next (/home/ubuntu/trh/node_modules/connect/index.js:183:5)
    at Function.handle (/home/ubuntu/trh/node_modules/connect/index.js:186:3)
    at Server.app (/home/ubuntu/trh/node_modules/connect/index.js:51:37)
    at Server.emit (node:events:394:28)
    at parserOnIncoming (node:_http_server:927:12)
    at HTTPParser.parserOnHeadersComplete (node:_http_common:128:17)
URIError: URI malformed
    at decodeURIComponent (<anonymous>)
    at /home/ubuntu/trh/node_modules/hexo-server/lib/middlewares/route.js:20:28
    at call (/home/ubuntu/trh/node_modules/connect/index.js:239:7)
    at next (/home/ubuntu/trh/node_modules/connect/index.js:183:5)
    at /home/ubuntu/trh/node_modules/hexo-server/lib/middlewares/header.js:9:5
    at call (/home/ubuntu/trh/node_modules/connect/index.js:239:7)
    at next (/home/ubuntu/trh/node_modules/connect/index.js:183:5)
    at Function.handle (/home/ubuntu/trh/node_modules/connect/index.js:186:3)
    at Server.app (/home/ubuntu/trh/node_modules/connect/index.js:51:37)
    at Server.emit (node:events:394:28)
    at parserOnIncoming (node:_http_server:927:12)
    at HTTPParser.parserOnHeadersComplete (node:_http_common:128:17)
URIError: URI malformed
    at decodeURIComponent (<anonymous>)
    at /home/ubuntu/trh/node_modules/hexo-server/lib/middlewares/route.js:20:28
    at call (/home/ubuntu/trh/node_modules/connect/index.js:239:7)
    at next (/home/ubuntu/trh/node_modules/connect/index.js:183:5)
    at /home/ubuntu/trh/node_modules/hexo-server/lib/middlewares/header.js:9:5
    at call (/home/ubuntu/trh/node_modules/connect/index.js:239:7)
    at next (/home/ubuntu/trh/node_modules/connect/index.js:183:5)
    at Function.handle (/home/ubuntu/trh/node_modules/connect/index.js:186:3)
    at Server.app (/home/ubuntu/trh/node_modules/connect/index.js:51:37)
    at Server.emit (node:events:394:28)
    at parserOnIncoming (node:_http_server:927:12)
    at HTTPParser.parserOnHeadersComplete (node:_http_common:128:17)
URIError: URI malformed
    at decodeURIComponent (<anonymous>)
    at /home/ubuntu/trh/node_modules/hexo-server/lib/middlewares/route.js:20:28
    at call (/home/ubuntu/trh/node_modules/connect/index.js:239:7)
    at next (/home/ubuntu/trh/node_modules/connect/index.js:183:5)
    at /home/ubuntu/trh/node_modules/hexo-server/lib/middlewares/header.js:9:5
    at call (/home/ubuntu/trh/node_modules/connect/index.js:239:7)
    at next (/home/ubuntu/trh/node_modules/connect/index.js:183:5)
    at Function.handle (/home/ubuntu/trh/node_modules/connect/index.js:186:3)
    at Server.app (/home/ubuntu/trh/node_modules/connect/index.js:51:37)
    at Server.emit (node:events:394:28)
    at parserOnIncoming (node:_http_server:927:12)
    at HTTPParser.parserOnHeadersComplete (node:_http_common:128:17)
URIError: URI malformed
    at decodeURIComponent (<anonymous>)
    at /home/ubuntu/trh/node_modules/hexo-server/lib/middlewares/route.js:20:28
    at call (/home/ubuntu/trh/node_modules/connect/index.js:239:7)
    at next (/home/ubuntu/trh/node_modules/connect/index.js:183:5)
    at /home/ubuntu/trh/node_modules/hexo-server/lib/middlewares/header.js:9:5
    at call (/home/ubuntu/trh/node_modules/connect/index.js:239:7)
    at next (/home/ubuntu/trh/node_modules/connect/index.js:183:5)
    at Function.handle (/home/ubuntu/trh/node_modules/connect/index.js:186:3)
    at Server.app (/home/ubuntu/trh/node_modules/connect/index.js:51:37)
    at Server.emit (node:events:394:28)
    at parserOnIncoming (node:_http_server:927:12)
    at HTTPParser.parserOnHeadersComplete (node:_http_common:128:17)
URIError: URI malformed
    at decodeURIComponent (<anonymous>)
    at /home/ubuntu/trh/node_modules/hexo-server/lib/middlewares/route.js:20:28
    at call (/home/ubuntu/trh/node_modules/connect/index.js:239:7)
    at next (/home/ubuntu/trh/node_modules/connect/index.js:183:5)
    at /home/ubuntu/trh/node_modules/hexo-server/lib/middlewares/header.js:9:5
    at call (/home/ubuntu/trh/node_modules/connect/index.js:239:7)
    at next (/home/ubuntu/trh/node_modules/connect/index.js:183:5)
    at Function.handle (/home/ubuntu/trh/node_modules/connect/index.js:186:3)
    at Server.app (/home/ubuntu/trh/node_modules/connect/index.js:51:37)
    at Server.emit (node:events:394:28)
    at parserOnIncoming (node:_http_server:927:12)
    at HTTPParser.parserOnHeadersComplete (node:_http_common:128:17)
URIError: URI malformed
    at decodeURIComponent (<anonymous>)
    at /home/ubuntu/trh/node_modules/hexo-server/lib/middlewares/route.js:20:28
    at call (/home/ubuntu/trh/node_modules/connect/index.js:239:7)
    at next (/home/ubuntu/trh/node_modules/connect/index.js:183:5)
    at /home/ubuntu/trh/node_modules/hexo-server/lib/middlewares/header.js:9:5
    at call (/home/ubuntu/trh/node_modules/connect/index.js:239:7)
    at next (/home/ubuntu/trh/node_modules/connect/index.js:183:5)
    at Function.handle (/home/ubuntu/trh/node_modules/connect/index.js:186:3)
    at Server.app (/home/ubuntu/trh/node_modules/connect/index.js:51:37)
    at Server.emit (node:events:394:28)
    at parserOnIncoming (node:_http_server:927:12)
    at HTTPParser.parserOnHeadersComplete (node:_http_common:128:17)
URIError: URI malformed
    at decodeURIComponent (<anonymous>)
    at /home/ubuntu/trh/node_modules/hexo-server/lib/middlewares/route.js:20:28
    at call (/home/ubuntu/trh/node_modules/connect/index.js:239:7)
    at next (/home/ubuntu/trh/node_modules/connect/index.js:183:5)
    at /home/ubuntu/trh/node_modules/hexo-server/lib/middlewares/header.js:9:5
    at call (/home/ubuntu/trh/node_modules/connect/index.js:239:7)
    at next (/home/ubuntu/trh/node_modules/connect/index.js:183:5)
    at Function.handle (/home/ubuntu/trh/node_modules/connect/index.js:186:3)
    at Server.app (/home/ubuntu/trh/node_modules/connect/index.js:51:37)
    at Server.emit (node:events:394:28)
    at parserOnIncoming (node:_http_server:927:12)
    at HTTPParser.parserOnHeadersComplete (node:_http_common:128:17)
URIError: URI malformed
    at decodeURIComponent (<anonymous>)
    at /home/ubuntu/trh/node_modules/hexo-server/lib/middlewares/route.js:20:28
    at call (/home/ubuntu/trh/node_modules/connect/index.js:239:7)
    at next (/home/ubuntu/trh/node_modules/connect/index.js:183:5)
    at /home/ubuntu/trh/node_modules/hexo-server/lib/middlewares/header.js:9:5
    at call (/home/ubuntu/trh/node_modules/connect/index.js:239:7)
    at next (/home/ubuntu/trh/node_modules/connect/index.js:183:5)
    at Function.handle (/home/ubuntu/trh/node_modules/connect/index.js:186:3)
    at Server.app (/home/ubuntu/trh/node_modules/connect/index.js:51:37)
    at Server.emit (node:events:394:28)
    at parserOnIncoming (node:_http_server:927:12)
    at HTTPParser.parserOnHeadersComplete (node:_http_common:128:17)
URIError: URI malformed
    at decodeURIComponent (<anonymous>)
    at /home/ubuntu/trh/node_modules/hexo-server/lib/middlewares/route.js:20:28
    at call (/home/ubuntu/trh/node_modules/connect/index.js:239:7)
    at next (/home/ubuntu/trh/node_modules/connect/index.js:183:5)
    at /home/ubuntu/trh/node_modules/hexo-server/lib/middlewares/header.js:9:5
    at call (/home/ubuntu/trh/node_modules/connect/index.js:239:7)
    at next (/home/ubuntu/trh/node_modules/connect/index.js:183:5)
    at Function.handle (/home/ubuntu/trh/node_modules/connect/index.js:186:3)
    at Server.app (/home/ubuntu/trh/node_modules/connect/index.js:51:37)
    at Server.emit (node:events:394:28)
    at parserOnIncoming (node:_http_server:927:12)
    at HTTPParser.parserOnHeadersComplete (node:_http_common:128:17)
URIError: URI malformed
    at decodeURIComponent (<anonymous>)
    at /home/ubuntu/trh/node_modules/hexo-server/lib/middlewares/route.js:20:28
    at call (/home/ubuntu/trh/node_modules/connect/index.js:239:7)
    at next (/home/ubuntu/trh/node_modules/connect/index.js:183:5)
    at /home/ubuntu/trh/node_modules/hexo-server/lib/middlewares/header.js:9:5
    at call (/home/ubuntu/trh/node_modules/connect/index.js:239:7)
    at next (/home/ubuntu/trh/node_modules/connect/index.js:183:5)
    at Function.handle (/home/ubuntu/trh/node_modules/connect/index.js:186:3)
    at Server.app (/home/ubuntu/trh/node_modules/connect/index.js:51:37)
    at Server.emit (node:events:394:28)
    at parserOnIncoming (node:_http_server:927:12)
    at HTTPParser.parserOnHeadersComplete (node:_http_common:128:17)
URIError: URI malformed
    at decodeURIComponent (<anonymous>)
    at /home/ubuntu/trh/node_modules/hexo-server/lib/middlewares/route.js:20:28
    at call (/home/ubuntu/trh/node_modules/connect/index.js:239:7)
    at next (/home/ubuntu/trh/node_modules/connect/index.js:183:5)
    at /home/ubuntu/trh/node_modules/hexo-server/lib/middlewares/header.js:9:5
    at call (/home/ubuntu/trh/node_modules/connect/index.js:239:7)
    at next (/home/ubuntu/trh/node_modules/connect/index.js:183:5)
    at Function.handle (/home/ubuntu/trh/node_modules/connect/index.js:186:3)
    at Server.app (/home/ubuntu/trh/node_modules/connect/index.js:51:37)
    at Server.emit (node:events:394:28)
    at parserOnIncoming (node:_http_server:927:12)
    at HTTPParser.parserOnHeadersComplete (node:_http_common:128:17)
URIError: URI malformed
    at decodeURIComponent (<anonymous>)
    at /home/ubuntu/trh/node_modules/hexo-server/lib/middlewares/route.js:20:28
    at call (/home/ubuntu/trh/node_modules/connect/index.js:239:7)
    at next (/home/ubuntu/trh/node_modules/connect/index.js:183:5)
    at /home/ubuntu/trh/node_modules/hexo-server/lib/middlewares/header.js:9:5
    at call (/home/ubuntu/trh/node_modules/connect/index.js:239:7)
    at next (/home/ubuntu/trh/node_modules/connect/index.js:183:5)
    at Function.handle (/home/ubuntu/trh/node_modules/connect/index.js:186:3)
    at Server.app (/home/ubuntu/trh/node_modules/connect/index.js:51:37)
    at Server.emit (node:events:394:28)
    at parserOnIncoming (node:_http_server:927:12)
    at HTTPParser.parserOnHeadersComplete (node:_http_common:128:17)
URIError: URI malformed
    at decodeURIComponent (<anonymous>)
    at /home/ubuntu/trh/node_modules/hexo-server/lib/middlewares/route.js:20:28
    at call (/home/ubuntu/trh/node_modules/connect/index.js:239:7)
    at next (/home/ubuntu/trh/node_modules/connect/index.js:183:5)
    at /home/ubuntu/trh/node_modules/hexo-server/lib/middlewares/header.js:9:5
    at call (/home/ubuntu/trh/node_modules/connect/index.js:239:7)
    at next (/home/ubuntu/trh/node_modules/connect/index.js:183:5)
    at Function.handle (/home/ubuntu/trh/node_modules/connect/index.js:186:3)
    at Server.app (/home/ubuntu/trh/node_modules/connect/index.js:51:37)
    at Server.emit (node:events:394:28)
    at parserOnIncoming (node:_http_server:927:12)
    at HTTPParser.parserOnHeadersComplete (node:_http_common:128:17)
INFO  Validating config
INFO  Start processing
INFO  Hexo is running at http://localhost:4000 . Press Ctrl+C to stop.
FATAL {
  err: [Error: EACCES: permission denied, open '/home/ubuntu/trh/db.json'] {
    errno: -13,
    code: 'EACCES',
    syscall: 'open',
    path: '/home/ubuntu/trh/db.json'
  }
} Something's wrong. Maybe you can find the solution here: %s https://hexo.io/docs/troubleshooting.html
FATAL [Error: EACCES: permission denied, open '/home/ubuntu/trh/db.json'] {
  errno: -13,
  code: 'EACCES',
  syscall: 'open',
  path: '/home/ubuntu/trh/db.json'
}
INFO  Validating config
INFO  Start processing
INFO  Hexo is running at http://localhost:80 . Press Ctrl+C to stop.
(node:2654) Warning: Accessing non-existent property 'lineno' of module exports inside circular dependency
(Use `node --trace-warnings ...` to show where the warning was created)
(node:2654) Warning: Accessing non-existent property 'column' of module exports inside circular dependency
(node:2654) Warning: Accessing non-existent property 'filename' of module exports inside circular dependency
(node:2654) Warning: Accessing non-existent property 'lineno' of module exports inside circular dependency
(node:2654) Warning: Accessing non-existent property 'column' of module exports inside circular dependency
(node:2654) Warning: Accessing non-existent property 'filename' of module exports inside circular dependency
URIError: URI malformed
    at decodeURIComponent (<anonymous>)
    at /home/ubuntu/trh/node_modules/hexo-server/lib/middlewares/route.js:20:28
    at call (/home/ubuntu/trh/node_modules/connect/index.js:239:7)
    at next (/home/ubuntu/trh/node_modules/connect/index.js:183:5)
    at /home/ubuntu/trh/node_modules/hexo-server/lib/middlewares/header.js:9:5
    at call (/home/ubuntu/trh/node_modules/connect/index.js:239:7)
    at next (/home/ubuntu/trh/node_modules/connect/index.js:183:5)
    at Function.handle (/home/ubuntu/trh/node_modules/connect/index.js:186:3)
    at Server.app (/home/ubuntu/trh/node_modules/connect/index.js:51:37)
    at Server.emit (node:events:394:28)
    at parserOnIncoming (node:_http_server:927:12)
    at HTTPParser.parserOnHeadersComplete (node:_http_common:128:17)
URIError: URI malformed
    at decodeURIComponent (<anonymous>)
    at /home/ubuntu/trh/node_modules/hexo-server/lib/middlewares/route.js:20:28
    at call (/home/ubuntu/trh/node_modules/connect/index.js:239:7)
    at next (/home/ubuntu/trh/node_modules/connect/index.js:183:5)
    at /home/ubuntu/trh/node_modules/hexo-server/lib/middlewares/header.js:9:5
    at call (/home/ubuntu/trh/node_modules/connect/index.js:239:7)
    at next (/home/ubuntu/trh/node_modules/connect/index.js:183:5)
    at Function.handle (/home/ubuntu/trh/node_modules/connect/index.js:186:3)
    at Server.app (/home/ubuntu/trh/node_modules/connect/index.js:51:37)
    at Server.emit (node:events:394:28)
    at parserOnIncoming (node:_http_server:927:12)
    at HTTPParser.parserOnHeadersComplete (node:_http_common:128:17)
URIError: URI malformed
    at decodeURIComponent (<anonymous>)
    at /home/ubuntu/trh/node_modules/hexo-server/lib/middlewares/route.js:20:28
    at call (/home/ubuntu/trh/node_modules/connect/index.js:239:7)
    at next (/home/ubuntu/trh/node_modules/connect/index.js:183:5)
    at /home/ubuntu/trh/node_modules/hexo-server/lib/middlewares/header.js:9:5
    at call (/home/ubuntu/trh/node_modules/connect/index.js:239:7)
    at next (/home/ubuntu/trh/node_modules/connect/index.js:183:5)
    at Function.handle (/home/ubuntu/trh/node_modules/connect/index.js:186:3)
    at Server.app (/home/ubuntu/trh/node_modules/connect/index.js:51:37)
    at Server.emit (node:events:394:28)
    at parserOnIncoming (node:_http_server:927:12)
    at HTTPParser.parserOnHeadersComplete (node:_http_common:128:17)
URIError: URI malformed
    at decodeURIComponent (<anonymous>)
    at /home/ubuntu/trh/node_modules/hexo-server/lib/middlewares/route.js:20:28
    at call (/home/ubuntu/trh/node_modules/connect/index.js:239:7)
    at next (/home/ubuntu/trh/node_modules/connect/index.js:183:5)
    at /home/ubuntu/trh/node_modules/hexo-server/lib/middlewares/header.js:9:5
    at call (/home/ubuntu/trh/node_modules/connect/index.js:239:7)
    at next (/home/ubuntu/trh/node_modules/connect/index.js:183:5)
    at Function.handle (/home/ubuntu/trh/node_modules/connect/index.js:186:3)
    at Server.app (/home/ubuntu/trh/node_modules/connect/index.js:51:37)
    at Server.emit (node:events:394:28)
    at parserOnIncoming (node:_http_server:927:12)
    at HTTPParser.parserOnHeadersComplete (node:_http_common:128:17)
URIError: URI malformed
    at decodeURIComponent (<anonymous>)
    at /home/ubuntu/trh/node_modules/hexo-server/lib/middlewares/route.js:20:28
    at call (/home/ubuntu/trh/node_modules/connect/index.js:239:7)
    at next (/home/ubuntu/trh/node_modules/connect/index.js:183:5)
    at /home/ubuntu/trh/node_modules/hexo-server/lib/middlewares/header.js:9:5
    at call (/home/ubuntu/trh/node_modules/connect/index.js:239:7)
    at next (/home/ubuntu/trh/node_modules/connect/index.js:183:5)
    at Function.handle (/home/ubuntu/trh/node_modules/connect/index.js:186:3)
    at Server.app (/home/ubuntu/trh/node_modules/connect/index.js:51:37)
    at Server.emit (node:events:394:28)
    at parserOnIncoming (node:_http_server:927:12)
    at HTTPParser.parserOnHeadersComplete (node:_http_common:128:17)
URIError: URI malformed
    at decodeURIComponent (<anonymous>)
    at /home/ubuntu/trh/node_modules/hexo-server/lib/middlewares/route.js:20:28
    at call (/home/ubuntu/trh/node_modules/connect/index.js:239:7)
    at next (/home/ubuntu/trh/node_modules/connect/index.js:183:5)
    at /home/ubuntu/trh/node_modules/hexo-server/lib/middlewares/header.js:9:5
    at call (/home/ubuntu/trh/node_modules/connect/index.js:239:7)
    at next (/home/ubuntu/trh/node_modules/connect/index.js:183:5)
    at Function.handle (/home/ubuntu/trh/node_modules/connect/index.js:186:3)
    at Server.app (/home/ubuntu/trh/node_modules/connect/index.js:51:37)
    at Server.emit (node:events:394:28)
    at parserOnIncoming (node:_http_server:927:12)
    at HTTPParser.parserOnHeadersComplete (node:_http_common:128:17)
URIError: URI malformed
    at decodeURIComponent (<anonymous>)
    at /home/ubuntu/trh/node_modules/hexo-server/lib/middlewares/route.js:20:28
    at call (/home/ubuntu/trh/node_modules/connect/index.js:239:7)
    at next (/home/ubuntu/trh/node_modules/connect/index.js:183:5)
    at /home/ubuntu/trh/node_modules/hexo-server/lib/middlewares/header.js:9:5
    at call (/home/ubuntu/trh/node_modules/connect/index.js:239:7)
    at next (/home/ubuntu/trh/node_modules/connect/index.js:183:5)
    at Function.handle (/home/ubuntu/trh/node_modules/connect/index.js:186:3)
    at Server.app (/home/ubuntu/trh/node_modules/connect/index.js:51:37)
    at Server.emit (node:events:394:28)
    at parserOnIncoming (node:_http_server:927:12)
    at HTTPParser.parserOnHeadersComplete (node:_http_common:128:17)
URIError: URI malformed
    at decodeURIComponent (<anonymous>)
    at /home/ubuntu/trh/node_modules/hexo-server/lib/middlewares/route.js:20:28
    at call (/home/ubuntu/trh/node_modules/connect/index.js:239:7)
    at next (/home/ubuntu/trh/node_modules/connect/index.js:183:5)
    at /home/ubuntu/trh/node_modules/hexo-server/lib/middlewares/header.js:9:5
    at call (/home/ubuntu/trh/node_modules/connect/index.js:239:7)
    at next (/home/ubuntu/trh/node_modules/connect/index.js:183:5)
    at Function.handle (/home/ubuntu/trh/node_modules/connect/index.js:186:3)
    at Server.app (/home/ubuntu/trh/node_modules/connect/index.js:51:37)
    at Server.emit (node:events:394:28)
    at parserOnIncoming (node:_http_server:927:12)
    at HTTPParser.parserOnHeadersComplete (node:_http_common:128:17)
URIError: URI malformed
    at decodeURIComponent (<anonymous>)
    at /home/ubuntu/trh/node_modules/hexo-server/lib/middlewares/route.js:20:28
    at call (/home/ubuntu/trh/node_modules/connect/index.js:239:7)
    at next (/home/ubuntu/trh/node_modules/connect/index.js:183:5)
    at /home/ubuntu/trh/node_modules/hexo-server/lib/middlewares/header.js:9:5
    at call (/home/ubuntu/trh/node_modules/connect/index.js:239:7)
    at next (/home/ubuntu/trh/node_modules/connect/index.js:183:5)
    at Function.handle (/home/ubuntu/trh/node_modules/connect/index.js:186:3)
    at Server.app (/home/ubuntu/trh/node_modules/connect/index.js:51:37)
    at Server.emit (node:events:394:28)
    at parserOnIncoming (node:_http_server:927:12)
    at HTTPParser.parserOnHeadersComplete (node:_http_common:128:17)
URIError: URI malformed
    at decodeURIComponent (<anonymous>)
    at /home/ubuntu/trh/node_modules/hexo-server/lib/middlewares/route.js:20:28
    at call (/home/ubuntu/trh/node_modules/connect/index.js:239:7)
    at next (/home/ubuntu/trh/node_modules/connect/index.js:183:5)
    at /home/ubuntu/trh/node_modules/hexo-server/lib/middlewares/header.js:9:5
    at call (/home/ubuntu/trh/node_modules/connect/index.js:239:7)
    at next (/home/ubuntu/trh/node_modules/connect/index.js:183:5)
    at Function.handle (/home/ubuntu/trh/node_modules/connect/index.js:186:3)
    at Server.app (/home/ubuntu/trh/node_modules/connect/index.js:51:37)
    at Server.emit (node:events:394:28)
    at parserOnIncoming (node:_http_server:927:12)
    at HTTPParser.parserOnHeadersComplete (node:_http_common:128:17)
URIError: URI malformed
    at decodeURIComponent (<anonymous>)
    at /home/ubuntu/trh/node_modules/hexo-server/lib/middlewares/route.js:20:28
    at call (/home/ubuntu/trh/node_modules/connect/index.js:239:7)
    at next (/home/ubuntu/trh/node_modules/connect/index.js:183:5)
    at /home/ubuntu/trh/node_modules/hexo-server/lib/middlewares/header.js:9:5
    at call (/home/ubuntu/trh/node_modules/connect/index.js:239:7)
    at next (/home/ubuntu/trh/node_modules/connect/index.js:183:5)
    at Function.handle (/home/ubuntu/trh/node_modules/connect/index.js:186:3)
    at Server.app (/home/ubuntu/trh/node_modules/connect/index.js:51:37)
    at Server.emit (node:events:394:28)
    at parserOnIncoming (node:_http_server:927:12)
    at HTTPParser.parserOnHeadersComplete (node:_http_common:128:17)
URIError: URI malformed
    at decodeURIComponent (<anonymous>)
    at /home/ubuntu/trh/node_modules/hexo-server/lib/middlewares/route.js:20:28
    at call (/home/ubuntu/trh/node_modules/connect/index.js:239:7)
    at next (/home/ubuntu/trh/node_modules/connect/index.js:183:5)
    at /home/ubuntu/trh/node_modules/hexo-server/lib/middlewares/header.js:9:5
    at call (/home/ubuntu/trh/node_modules/connect/index.js:239:7)
    at next (/home/ubuntu/trh/node_modules/connect/index.js:183:5)
    at Function.handle (/home/ubuntu/trh/node_modules/connect/index.js:186:3)
    at Server.app (/home/ubuntu/trh/node_modules/connect/index.js:51:37)
    at Server.emit (node:events:394:28)
    at parserOnIncoming (node:_http_server:927:12)
    at HTTPParser.parserOnHeadersComplete (node:_http_common:128:17)
URIError: URI malformed
    at decodeURIComponent (<anonymous>)
    at /home/ubuntu/trh/node_modules/hexo-server/lib/middlewares/route.js:20:28
    at call (/home/ubuntu/trh/node_modules/connect/index.js:239:7)
    at next (/home/ubuntu/trh/node_modules/connect/index.js:183:5)
    at /home/ubuntu/trh/node_modules/hexo-server/lib/middlewares/header.js:9:5
    at call (/home/ubuntu/trh/node_modules/connect/index.js:239:7)
    at next (/home/ubuntu/trh/node_modules/connect/index.js:183:5)
    at Function.handle (/home/ubuntu/trh/node_modules/connect/index.js:186:3)
    at Server.app (/home/ubuntu/trh/node_modules/connect/index.js:51:37)
    at Server.emit (node:events:394:28)
    at parserOnIncoming (node:_http_server:927:12)
    at HTTPParser.parserOnHeadersComplete (node:_http_common:128:17)
URIError: URI malformed
    at decodeURIComponent (<anonymous>)
    at /home/ubuntu/trh/node_modules/hexo-server/lib/middlewares/route.js:20:28
    at call (/home/ubuntu/trh/node_modules/connect/index.js:239:7)
    at next (/home/ubuntu/trh/node_modules/connect/index.js:183:5)
    at /home/ubuntu/trh/node_modules/hexo-server/lib/middlewares/header.js:9:5
    at call (/home/ubuntu/trh/node_modules/connect/index.js:239:7)
    at next (/home/ubuntu/trh/node_modules/connect/index.js:183:5)
    at Function.handle (/home/ubuntu/trh/node_modules/connect/index.js:186:3)
    at Server.app (/home/ubuntu/trh/node_modules/connect/index.js:51:37)
    at Server.emit (node:events:394:28)
    at parserOnIncoming (node:_http_server:927:12)
    at HTTPParser.parserOnHeadersComplete (node:_http_common:128:17)
URIError: URI malformed
    at decodeURIComponent (<anonymous>)
    at /home/ubuntu/trh/node_modules/hexo-server/lib/middlewares/route.js:20:28
    at call (/home/ubuntu/trh/node_modules/connect/index.js:239:7)
    at next (/home/ubuntu/trh/node_modules/connect/index.js:183:5)
    at /home/ubuntu/trh/node_modules/hexo-server/lib/middlewares/header.js:9:5
    at call (/home/ubuntu/trh/node_modules/connect/index.js:239:7)
    at next (/home/ubuntu/trh/node_modules/connect/index.js:183:5)
    at Function.handle (/home/ubuntu/trh/node_modules/connect/index.js:186:3)
    at Server.app (/home/ubuntu/trh/node_modules/connect/index.js:51:37)
    at Server.emit (node:events:394:28)
    at parserOnIncoming (node:_http_server:927:12)
    at HTTPParser.parserOnHeadersComplete (node:_http_common:128:17)
URIError: URI malformed
    at decodeURIComponent (<anonymous>)
    at /home/ubuntu/trh/node_modules/hexo-server/lib/middlewares/route.js:20:28
    at call (/home/ubuntu/trh/node_modules/connect/index.js:239:7)
    at next (/home/ubuntu/trh/node_modules/connect/index.js:183:5)
    at /home/ubuntu/trh/node_modules/hexo-server/lib/middlewares/header.js:9:5
    at call (/home/ubuntu/trh/node_modules/connect/index.js:239:7)
    at next (/home/ubuntu/trh/node_modules/connect/index.js:183:5)
    at Function.handle (/home/ubuntu/trh/node_modules/connect/index.js:186:3)
    at Server.app (/home/ubuntu/trh/node_modules/connect/index.js:51:37)
    at Server.emit (node:events:394:28)
    at parserOnIncoming (node:_http_server:927:12)
    at HTTPParser.parserOnHeadersComplete (node:_http_common:128:17)
URIError: URI malformed
    at decodeURIComponent (<anonymous>)
    at /home/ubuntu/trh/node_modules/hexo-server/lib/middlewares/route.js:20:28
    at call (/home/ubuntu/trh/node_modules/connect/index.js:239:7)
    at next (/home/ubuntu/trh/node_modules/connect/index.js:183:5)
    at /home/ubuntu/trh/node_modules/hexo-server/lib/middlewares/header.js:9:5
    at call (/home/ubuntu/trh/node_modules/connect/index.js:239:7)
    at next (/home/ubuntu/trh/node_modules/connect/index.js:183:5)
    at Function.handle (/home/ubuntu/trh/node_modules/connect/index.js:186:3)
    at Server.app (/home/ubuntu/trh/node_modules/connect/index.js:51:37)
    at Server.emit (node:events:394:28)
    at parserOnIncoming (node:_http_server:927:12)
    at HTTPParser.parserOnHeadersComplete (node:_http_common:128:17)
URIError: URI malformed
    at decodeURIComponent (<anonymous>)
    at /home/ubuntu/trh/node_modules/hexo-server/lib/middlewares/route.js:20:28
    at call (/home/ubuntu/trh/node_modules/connect/index.js:239:7)
    at next (/home/ubuntu/trh/node_modules/connect/index.js:183:5)
    at /home/ubuntu/trh/node_modules/hexo-server/lib/middlewares/header.js:9:5
    at call (/home/ubuntu/trh/node_modules/connect/index.js:239:7)
    at next (/home/ubuntu/trh/node_modules/connect/index.js:183:5)
    at Function.handle (/home/ubuntu/trh/node_modules/connect/index.js:186:3)
    at Server.app (/home/ubuntu/trh/node_modules/connect/index.js:51:37)
    at Server.emit (node:events:394:28)
    at parserOnIncoming (node:_http_server:927:12)
    at HTTPParser.parserOnHeadersComplete (node:_http_common:128:17)
URIError: URI malformed
    at decodeURIComponent (<anonymous>)
    at /home/ubuntu/trh/node_modules/hexo-server/lib/middlewares/route.js:20:28
    at call (/home/ubuntu/trh/node_modules/connect/index.js:239:7)
    at next (/home/ubuntu/trh/node_modules/connect/index.js:183:5)
    at /home/ubuntu/trh/node_modules/hexo-server/lib/middlewares/header.js:9:5
    at call (/home/ubuntu/trh/node_modules/connect/index.js:239:7)
    at next (/home/ubuntu/trh/node_modules/connect/index.js:183:5)
    at Function.handle (/home/ubuntu/trh/node_modules/connect/index.js:186:3)
    at Server.app (/home/ubuntu/trh/node_modules/connect/index.js:51:37)
    at Server.emit (node:events:394:28)
    at parserOnIncoming (node:_http_server:927:12)
    at HTTPParser.parserOnHeadersComplete (node:_http_common:128:17)
URIError: URI malformed
    at decodeURIComponent (<anonymous>)
    at /home/ubuntu/trh/node_modules/hexo-server/lib/middlewares/route.js:20:28
    at call (/home/ubuntu/trh/node_modules/connect/index.js:239:7)
    at next (/home/ubuntu/trh/node_modules/connect/index.js:183:5)
    at /home/ubuntu/trh/node_modules/hexo-server/lib/middlewares/header.js:9:5
    at call (/home/ubuntu/trh/node_modules/connect/index.js:239:7)
    at next (/home/ubuntu/trh/node_modules/connect/index.js:183:5)
    at Function.handle (/home/ubuntu/trh/node_modules/connect/index.js:186:3)
    at Server.app (/home/ubuntu/trh/node_modules/connect/index.js:51:37)
    at Server.emit (node:events:394:28)
    at parserOnIncoming (node:_http_server:927:12)
    at HTTPParser.parserOnHeadersComplete (node:_http_common:128:17)
URIError: URI malformed
    at decodeURIComponent (<anonymous>)
    at /home/ubuntu/trh/node_modules/hexo-server/lib/middlewares/route.js:20:28
    at call (/home/ubuntu/trh/node_modules/connect/index.js:239:7)
    at next (/home/ubuntu/trh/node_modules/connect/index.js:183:5)
    at /home/ubuntu/trh/node_modules/hexo-server/lib/middlewares/header.js:9:5
    at call (/home/ubuntu/trh/node_modules/connect/index.js:239:7)
    at next (/home/ubuntu/trh/node_modules/connect/index.js:183:5)
    at Function.handle (/home/ubuntu/trh/node_modules/connect/index.js:186:3)
    at Server.app (/home/ubuntu/trh/node_modules/connect/index.js:51:37)
    at Server.emit (node:events:394:28)
    at parserOnIncoming (node:_http_server:927:12)
    at HTTPParser.parserOnHeadersComplete (node:_http_common:128:17)
URIError: URI malformed
    at decodeURIComponent (<anonymous>)
    at /home/ubuntu/trh/node_modules/hexo-server/lib/middlewares/route.js:20:28
    at call (/home/ubuntu/trh/node_modules/connect/index.js:239:7)
    at next (/home/ubuntu/trh/node_modules/connect/index.js:183:5)
    at /home/ubuntu/trh/node_modules/hexo-server/lib/middlewares/header.js:9:5
    at call (/home/ubuntu/trh/node_modules/connect/index.js:239:7)
    at next (/home/ubuntu/trh/node_modules/connect/index.js:183:5)
    at Function.handle (/home/ubuntu/trh/node_modules/connect/index.js:186:3)
    at Server.app (/home/ubuntu/trh/node_modules/connect/index.js:51:37)
    at Server.emit (node:events:394:28)
    at parserOnIncoming (node:_http_server:927:12)
    at HTTPParser.parserOnHeadersComplete (node:_http_common:128:17)
URIError: URI malformed
    at decodeURIComponent (<anonymous>)
    at /home/ubuntu/trh/node_modules/hexo-server/lib/middlewares/route.js:20:28
    at call (/home/ubuntu/trh/node_modules/connect/index.js:239:7)
    at next (/home/ubuntu/trh/node_modules/connect/index.js:183:5)
    at /home/ubuntu/trh/node_modules/hexo-server/lib/middlewares/header.js:9:5
    at call (/home/ubuntu/trh/node_modules/connect/index.js:239:7)
    at next (/home/ubuntu/trh/node_modules/connect/index.js:183:5)
    at Function.handle (/home/ubuntu/trh/node_modules/connect/index.js:186:3)
    at Server.app (/home/ubuntu/trh/node_modules/connect/index.js:51:37)
    at Server.emit (node:events:394:28)
    at parserOnIncoming (node:_http_server:927:12)
    at HTTPParser.parserOnHeadersComplete (node:_http_common:128:17)
URIError: URI malformed
    at decodeURIComponent (<anonymous>)
    at /home/ubuntu/trh/node_modules/hexo-server/lib/middlewares/route.js:20:28
    at call (/home/ubuntu/trh/node_modules/connect/index.js:239:7)
    at next (/home/ubuntu/trh/node_modules/connect/index.js:183:5)
    at /home/ubuntu/trh/node_modules/hexo-server/lib/middlewares/header.js:9:5
    at call (/home/ubuntu/trh/node_modules/connect/index.js:239:7)
    at next (/home/ubuntu/trh/node_modules/connect/index.js:183:5)
    at Function.handle (/home/ubuntu/trh/node_modules/connect/index.js:186:3)
    at Server.app (/home/ubuntu/trh/node_modules/connect/index.js:51:37)
    at Server.emit (node:events:394:28)
    at parserOnIncoming (node:_http_server:927:12)
    at HTTPParser.parserOnHeadersComplete (node:_http_common:128:17)
